F17
text complete in  31.28 

H40
text complete in  36.04 

G47
text complete in  47.30 

I95
text complete in  46.24 

M79
text complete in  43.67 

B02
text complete in  27.62 

G95
text complete in  27.14 

E44
text complete in  31.06 

M80
text complete in  22.83 

M48
text complete in  33.74 

G40
text complete in  32.28 

R56
text complete in  33.25 

I49
text complete in  33.19 

J01
text complete in  29.25 

K83
text complete in  39.75 

R13
text complete in  49.64 

J84
text complete in  28.03 

M10
text complete in  24.20 

K13
text complete in  30.00 

R45
text complete in  34.11 

R04
text complete in  29.84 

H25
text complete in  39.68 

L03
text complete in  34.31 

L82
text complete in  49.22 

L81
text complete in  44.84 

