E04
text complete in  34.35 

H61
text complete in  32.45 

D73
text complete in  27.89 

B34
text complete in  23.39 

J32
text complete in  27.49 

H26
text complete in  27.90 

A41
text complete in  29.85 

N64
text complete in  31.82 

L65
text complete in  32.90 

J94
text complete in  20.54 

L73
text complete in  28.95 

B35
text complete in  32.25 

R61
text complete in  24.61 

I35
text complete in  27.89 

E08
text complete in  23.01 

N94
text complete in  31.37 

D59
text complete in  25.10 

L30
text complete in  34.28 

D49
text complete in  37.90 

J30
text complete in  27.85 

R43
text complete in  31.19 

N50
text complete in  32.31 

I67
text complete in  22.82 

R03
text complete in  31.88 

H92
text complete in  25.75 

