K44
text complete in  21.97 

I81
text complete in  21.12 

F19
text complete in  20.05 

F11
text complete in  20.84 

M51
text complete in  26.64 

K22
text complete in  27.79 

D62
text complete in  22.93 

R92
text complete in  30.44 

N95
text complete in  41.14 

J70
text complete in  23.44 

J47
text complete in  23.18 

G56
text complete in  21.69 

F06
text complete in  26.86 

N32
text complete in  25.92 

R80
text complete in  23.77 

K82
text complete in  18.83 

K29
text complete in  21.10 

F39
text complete in  21.14 

M17
text complete in  29.86 

H57
text complete in  21.83 

N93
text complete in  23.32 

M65
text complete in  22.80 

H02
text complete in  29.59 

E05
text complete in  20.55 

L21
text complete in  25.64 

