D53
text complete in  26.35 

M85
text complete in  42.00 

R23
text complete in  38.63 

I15
text complete in  30.87 

E43
text complete in  43.30 

J02
text complete in  34.56 

K08
text complete in  24.09 

J31
text complete in  25.01 

R16
text complete in  40.81 

E16
text complete in  24.20 

L27
text complete in  38.48 

L85
text complete in  37.41 

K86
text complete in  44.11 

M62
text complete in  35.42 

L98
text complete in  41.84 

R26
text complete in  42.02 

L57
text complete in  52.32 

R82
text complete in  33.20 

R22
text complete in  40.77 

L40
text complete in  25.48 

M20
text complete in  25.01 

M72
text complete in  24.39 

L02
text complete in  29.06 

J06
text complete in  37.37 

K11
text complete in  33.63 

