L70
text complete in  23.57 

R69
text complete in  28.66 

M87
text complete in  24.08 

R17
text complete in  22.20 

R55
text complete in  28.96 

R32
text complete in  24.85 

M53
text complete in  23.27 

K85
text complete in  21.61 

H00
text complete in  22.89 

I27
text complete in  23.86 

H01
text complete in  23.15 

G25
text complete in  24.32 

E22
text complete in  19.44 

G60
text complete in  21.50 

R49
text complete in  25.76 

R31
text complete in  32.80 

N52
text complete in  31.87 

H52
text complete in  35.10 

I77
text complete in  23.09 

E61
text complete in  23.40 

M35
text complete in  19.78 

K75
text complete in  20.59 

K63
text complete in  29.41 

R20
text complete in  32.37 

A09
text complete in  21.22 

