K20
text complete in  34.35 

J45
text complete in  36.50 

D61
text complete in  66.41 

E46
text complete in  44.13 

R18
text complete in  57.03 

K31
text complete in  29.49 

I12
text complete in  29.79 

E11
text complete in  46.71 

E78
text complete in  42.87 

N40
text complete in  52.95 

D63
text complete in  44.39 

E86
text complete in  51.51 

F33
text complete in  34.62 

L29
text complete in  36.66 

I73
text complete in  28.81 

R14
text complete in  37.82 

R19
text complete in  48.56 

J18
text complete in  44.52 

R78
text complete in  41.94 

B95
text complete in  29.80 

F43
text complete in  44.25 

H91
text complete in  31.61 

N20
text complete in  31.63 

R62
text complete in  42.39 

R30
text complete in  43.22 

