B99
text complete in  26.03 

M21
text complete in  21.71 

K90
text complete in  24.48 

N89
text complete in  36.55 

L90
text complete in  27.88 

I34
text complete in  26.56 

R90
text complete in  23.44 

L08
text complete in  25.98 

L72
text complete in  30.11 

R58
text complete in  21.56 

J34
text complete in  31.12 

M43
text complete in  24.57 

L23
text complete in  23.25 

H11
text complete in  23.06 

H16
text complete in  27.89 

R12
text complete in  19.22 

L53
text complete in  22.32 

B49
text complete in  27.73 

E23
text complete in  24.50 

R65
text complete in  21.82 

F90
text complete in  21.20 

G31
text complete in  20.19 

H10
text complete in  26.16 

H43
text complete in  32.67 

M76
text complete in  21.78 

