J96
text complete in  35.29 

I31
text complete in  30.14 

N13
text complete in  37.97 

J44
text complete in  35.57 

I45
text complete in  23.11 

F41
text complete in  45.89 

K21
text complete in  46.43 

G43
text complete in  32.25 

R79
text complete in  57.03 

M25
text complete in  62.79 

R35
text complete in  44.49 

R39
text complete in  43.03 

N28
text complete in  44.91 

K57
text complete in  34.37 

K43
text complete in  30.80 

J92
text complete in  30.24 

R52
text complete in  41.03 

F32
text complete in  46.67 

K66
text complete in  37.61 

K74
text complete in  26.12 

D50
text complete in  45.85 

R00
text complete in  43.39 

R05
text complete in  44.43 

M54
text complete in  46.20 

I51
text complete in  26.50 

