death
text complete in  49.72 

vte
text complete in  47.10 

I89
text complete in  36.12 

R11
text complete in  58.41 

D89
text complete in  65.94 

D75
text complete in  43.35 

R53
text complete in  41.40 

J90
text complete in  56.16 

E88
text complete in  32.35 

E87
text complete in  46.77 

N18
text complete in  53.05 

H53
text complete in  39.43 

R94
text complete in  44.78 

R51
text complete in  47.64 

R59
text complete in  55.77 

R91
text complete in  50.50 

R60
text complete in  48.91 

E03
text complete in  47.84 

D70
text complete in  62.55 

R50
text complete in  62.90 

G89
text complete in  51.91 

G93
text complete in  55.51 

D69
text complete in  50.17 

K59
text complete in  42.83 

I48
text complete in  45.94 

