K52
text complete in  40.15 

R21
text complete in  44.33 

B37
text complete in  42.06 

I50
text complete in  41.26 

D68
text complete in  33.02 

R93
text complete in  44.60 

R68
text complete in  37.23 

E80
text complete in  36.34 

L60
text complete in  30.82 

K80
text complete in  28.08 

M75
text complete in  29.36 

I25
text complete in  44.20 

I65
text complete in  21.71 

K92
text complete in  36.30 

J91
text complete in  35.58 

M16
text complete in  29.80 

N63
text complete in  30.16 

I63
text complete in  31.50 

R89
text complete in  28.79 

J38
text complete in  29.34 

M81
text complete in  38.26 

M19
text complete in  37.18 

E53
text complete in  30.45 

H04
text complete in  39.76 

M70
text complete in  26.18 

