K64
text complete in  26.75 

E89
text complete in  25.28 

N83
text complete in  30.57 

K62
text complete in  30.28 

M06
text complete in  21.21 

B07
text complete in  22.47 

K64
text complete in  32.46 

E89
text complete in  30.03 

N83
text complete in  39.43 

K62
text complete in  36.33 

M06
text complete in  21.71 

B07
text complete in  27.78 

M84
text complete in  37.10 

I70
text complete in  30.58 

I44
text complete in  23.80 

I71
text complete in  25.40 

J43
text complete in  33.16 

E28
text complete in  32.81 

F10
text complete in  26.62 

R25
text complete in  32.63 

L91
text complete in  27.54 

K14
text complete in  23.64 

K58
text complete in  25.73 

D84
text complete in  34.21 

B96
text complete in  27.18 

R40
text complete in  25.56 

B00
text complete in  24.91 

F51
text complete in  30.42 

M47
text complete in  36.06 

E07
text complete in  23.25 

R33
text complete in  32.76 

