D64
text complete in  48.25 

D80
text complete in  41.78 

A49
text complete in  23.09 

E27
text complete in  32.73 

R73
text complete in  38.31 

M89
text complete in  41.29 

I82
text complete in  35.90 

I42
text complete in  27.79 

R74
text complete in  39.24 

K56
text complete in  38.74 

R29
text complete in  35.25 

R47
text complete in  26.56 

L89
text complete in  22.76 

N39
text complete in  38.97 

N30
text complete in  29.60 

R09
text complete in  38.10 

D72
text complete in  35.67 

E66
text complete in  34.89 

R41
text complete in  38.84 

I47
text complete in  27.47 

M77
text complete in  21.95 

R76
text complete in  24.76 

I21
text complete in  22.19 

H35
text complete in  32.21 

E55
text complete in  43.45 

