G44
text complete in  29.84 

R42
text complete in  40.03 

I26
text complete in  37.86 

K12
text complete in  50.59 

B25
text complete in  33.67 

H90
text complete in  36.36 

H93
text complete in  30.21 

N17
text complete in  47.94 

I87
text complete in  30.31 

L71
text complete in  26.49 

G62
text complete in  45.56 

E83
text complete in  45.34 

K76
text complete in  48.66 

L50
text complete in  23.45 

R06
text complete in  45.02 

R10
text complete in  40.26 

A04
text complete in  24.53 

E06
text complete in  25.34 

J98
text complete in  37.39 

K40
text complete in  23.52 

I10
text complete in  34.52 

R07
text complete in  38.28 

R97
text complete in  43.65 

R63
text complete in  47.17 

J69
text complete in  27.97 

