E04
text complete in  10.49 

H61
text complete in  11.32 

D73
text complete in  9.06 

B34
text complete in  9.30 

J32
text complete in  10.35 

H26
text complete in  10.64 

A41
text complete in  10.23 

N64
text complete in  10.05 

L65
text complete in  11.14 

J94
text complete in  8.80 

L73
text complete in  11.31 

B35
text complete in  12.04 

R61
text complete in  8.36 

I35
text complete in  8.78 

E08
text complete in  7.87 

N94
text complete in  9.91 

D59
text complete in  7.69 

L30
text complete in  13.26 

D49
text complete in  10.88 

J30
text complete in  9.83 

R43
text complete in  7.58 

N50
text complete in  8.26 

I67
text complete in  7.35 

R03
text complete in  9.55 

H92
text complete in  8.43 

L70
text complete in  9.29 

R69
text complete in  8.67 

M87
text complete in  8.34 

R17
text complete in  7.65 

R55
text complete in  11.22 

R32
text complete in  10.13 

M53
text complete in  10.30 

K85
text complete in  8.74 

H00
text complete in  10.16 

I27
text complete in  8.62 

H01
text complete in  8.76 

G25
text complete in  10.23 

E22
text complete in  7.67 

G60
text complete in  9.46 

R49
text complete in  10.36 

R31
text complete in  11.86 

N52
text complete in  11.69 

H52
text complete in  12.98 

I77
text complete in  9.23 

E61
text complete in  9.18 

M35
text complete in  9.16 

K75
text complete in  8.29 

K63
text complete in  12.23 

R20
text complete in  11.96 

A09
text complete in  8.05 

K64
text complete in  10.32 

E89
text complete in  9.83 

N83
text complete in  9.02 

K62
text complete in  11.58 

M06
text complete in  7.69 

B07
text complete in  10.87 

M84
text complete in  11.24 

I70
text complete in  10.39 

I44
text complete in  8.06 

I71
text complete in  9.86 

J43
text complete in  8.35 

E28
text complete in  9.07 

F10
text complete in  8.85 

R25
text complete in  11.33 

L91
text complete in  10.87 

K14
text complete in  8.98 

K58
text complete in  9.71 

D84
text complete in  11.46 

B96
text complete in  9.48 

R40
text complete in  9.57 

B00
text complete in  10.09 

F51
text complete in  10.22 

M47
text complete in  12.16 

E07
text complete in  8.04 

R33
text complete in  10.11 

K44
text complete in  8.97 

I81
text complete in  6.56 

F19
text complete in  6.64 

F11
text complete in  8.17 

M51
text complete in  10.68 

K22
text complete in  9.50 

D62
text complete in  7.76 

R92
text complete in  11.30 

N95
text complete in  13.96 

J70
text complete in  7.96 

J47
text complete in  9.34 

G56
text complete in  9.69 

F06
text complete in  9.77 

N32
text complete in  9.93 

R80
text complete in  9.51 

K82
text complete in  7.83 

K29
text complete in  7.86 

F39
text complete in  8.60 

M17
text complete in  10.75 

H57
text complete in  8.64 

N93
text complete in  7.91 

M65
text complete in  9.53 

H02
text complete in  10.61 

E05
text complete in  7.12 

L21
text complete in  9.60 

