death
text complete in  18.09 

vte
text complete in  12.83 

I89
text complete in  9.73 

R11
text complete in  13.02 

D89
text complete in  10.39 

D75
text complete in  10.94 

R53
text complete in  12.02 

J90
text complete in  12.39 

E88
text complete in  9.16 

E87
text complete in  13.78 

N18
text complete in  11.75 

H53
text complete in  11.93 

R94
text complete in  11.70 

R51
text complete in  11.58 

R59
text complete in  13.82 

R91
text complete in  12.02 

R60
text complete in  13.36 

E03
text complete in  11.85 

D70
text complete in  10.90 

R50
text complete in  11.70 

G89
text complete in  13.16 

G93
text complete in  11.27 

D69
text complete in  10.97 

K59
text complete in  12.01 

I48
text complete in  11.00 

G44
text complete in  10.56 

R42
text complete in  12.61 

I26
text complete in  11.90 

K12
text complete in  9.85 

B25
text complete in  5.91 

H90
text complete in  11.65 

H93
text complete in  10.87 

N17
text complete in  12.76 

I87
text complete in  9.98 

L71
text complete in  9.65 

G62
text complete in  12.24 

E83
text complete in  12.08 

K76
text complete in  13.02 

L50
text complete in  7.80 

R06
text complete in  12.59 

R10
text complete in  12.48 

A04
text complete in  7.96 

E06
text complete in  8.19 

J98
text complete in  11.66 

K40
text complete in  8.40 

I10
text complete in  10.49 

R07
text complete in  12.68 

R97
text complete in  12.32 

R63
text complete in  12.05 

J69
text complete in  8.43 

J96
text complete in  9.99 

I31
text complete in  9.73 

N13
text complete in  10.96 

J44
text complete in  10.08 

I45
text complete in  8.22 

F41
text complete in  11.81 

K21
text complete in  12.27 

G43
text complete in  9.27 

R79
text complete in  12.82 

M25
text complete in  14.10 

R35
text complete in  12.05 

R39
text complete in  12.58 

N28
text complete in  11.77 

K57
text complete in  10.18 

K43
text complete in  8.34 

J92
text complete in  7.58 

R52
text complete in  10.97 

F32
text complete in  11.68 

K66
text complete in  10.30 

K74
text complete in  7.03 

D50
text complete in  13.01 

R00
text complete in  12.77 

R05
text complete in  13.96 

M54
text complete in  14.29 

I51
text complete in  9.04 

K20
text complete in  8.01 

J45
text complete in  10.22 

D61
text complete in  11.04 

E46
text complete in  10.54 

R18
text complete in  11.88 

K31
text complete in  8.24 

I12
text complete in  9.45 

E11
text complete in  10.18 

E78
text complete in  12.07 

N40
text complete in  11.13 

D63
text complete in  12.00 

E86
text complete in  11.25 

F33
text complete in  8.88 

L29
text complete in  10.21 

I73
text complete in  9.70 

R14
text complete in  11.41 

R19
text complete in  12.66 

J18
text complete in  11.84 

R78
text complete in  10.56 

B95
text complete in  9.16 

F43
text complete in  11.67 

H91
text complete in  11.07 

N20
text complete in  9.52 

R62
text complete in  11.89 

R30
text complete in  12.14 

