D64
text complete in  12.72 

D80
text complete in  10.58 

A49
text complete in  7.91 

E27
text complete in  9.66 

R73
text complete in  12.26 

M89
text complete in  12.62 

I82
text complete in  11.98 

I42
text complete in  11.20 

R74
text complete in  14.13 

K56
text complete in  13.19 

R29
text complete in  14.57 

R47
text complete in  10.07 

L89
text complete in  10.30 

N39
text complete in  15.00 

N30
text complete in  13.12 

R09
text complete in  14.17 

D72
text complete in  13.18 

E66
text complete in  13.70 

R41
text complete in  12.78 

I47
text complete in  10.18 

M77
text complete in  10.34 

R76
text complete in  10.02 

I21
text complete in  9.59 

H35
text complete in  12.51 

E55
text complete in  14.92 

F17
text complete in  9.14 

H40
text complete in  12.08 

G47
text complete in  13.86 

I95
text complete in  13.51 

M79
text complete in  16.95 

B02
text complete in  10.36 

G95
text complete in  9.31 

E44
text complete in  9.50 

M80
text complete in  11.02 

M48
text complete in  13.39 

G40
text complete in  9.84 

R56
text complete in  10.62 

I49
text complete in  13.47 

J01
text complete in  12.70 

K83
text complete in  10.72 

R13
text complete in  13.50 

J84
text complete in  11.39 

M10
text complete in  9.75 

K13
text complete in  11.34 

R45
text complete in  11.33 

R04
text complete in  11.21 

H25
text complete in  15.82 

L03
text complete in  13.09 

L82
text complete in  15.05 

L81
text complete in  15.32 

K52
text complete in  14.19 

R21
text complete in  15.44 

B37
text complete in  12.88 

I50
text complete in  13.08 

D68
text complete in  11.88 

R93
text complete in  14.38 

R68
text complete in  12.85 

E80
text complete in  10.48 

L60
text complete in  11.99 

K80
text complete in  9.91 

M75
text complete in  11.03 

I25
text complete in  12.82 

I65
text complete in  8.96 

K92
text complete in  10.82 

J91
text complete in  8.92 

M16
text complete in  10.72 

N63
text complete in  10.32 

I63
text complete in  9.76 

R89
text complete in  7.65 

J38
text complete in  9.49 

M81
text complete in  11.59 

M19
text complete in  12.02 

E53
text complete in  9.89 

H04
text complete in  12.20 

M70
text complete in  9.56 

D53
text complete in  8.51 

M85
text complete in  12.31 

R23
text complete in  11.77 

I15
text complete in  9.45 

E43
text complete in  9.85 

J02
text complete in  11.04 

K08
text complete in  7.26 

J31
text complete in  10.03 

R16
text complete in  10.02 

E16
text complete in  7.31 

L27
text complete in  11.63 

L85
text complete in  11.42 

K86
text complete in  11.13 

M62
text complete in  11.47 

L98
text complete in  12.56 

R26
text complete in  11.61 

L57
text complete in  13.27 

R82
text complete in  10.21 

R22
text complete in  12.64 

L40
text complete in  8.31 

M20
text complete in  8.57 

M72
text complete in  8.98 

L02
text complete in  9.68 

J06
text complete in  11.12 

K11
text complete in  9.53 

