death
text complete in  18.07 

vte
text complete in  13.45 

I89
text complete in  10.15 

R11
text complete in  14.00 

D89
text complete in  10.97 

D75
text complete in  10.88 

R53
text complete in  12.46 

J90
text complete in  12.24 

E88
text complete in  8.52 

E87
text complete in  13.41 

N18
text complete in  11.61 

H53
text complete in  11.56 

R94
text complete in  11.37 

R51
text complete in  11.98 

R59
text complete in  12.60 

R91
text complete in  11.63 

R60
text complete in  14.20 

E03
text complete in  12.27 

D70
text complete in  12.16 

R50
text complete in  12.27 

G89
text complete in  14.19 

G93
text complete in  12.72 

D69
text complete in  12.46 

K59
text complete in  13.26 

I48
text complete in  10.66 

G44
text complete in  9.85 

R42
text complete in  11.15 

I26
text complete in  10.75 

K12
text complete in  9.50 

B25
text complete in  5.88 

H90
text complete in  11.67 

H93
text complete in  10.31 

N17
text complete in  12.15 

I87
text complete in  9.75 

L71
text complete in  9.59 

G62
text complete in  11.35 

E83
text complete in  12.13 

K76
text complete in  12.06 

L50
text complete in  7.51 

R06
text complete in  13.15 

R10
text complete in  13.02 

A04
text complete in  8.18 

E06
text complete in  8.21 

J98
text complete in  11.92 

K40
text complete in  8.47 

I10
text complete in  11.14 

R07
text complete in  13.35 

R97
text complete in  12.83 

R63
text complete in  12.74 

J69
text complete in  8.56 

J96
text complete in  10.04 

I31
text complete in  9.30 

N13
text complete in  10.93 

J44
text complete in  10.25 

I45
text complete in  8.64 

F41
text complete in  12.41 

K21
text complete in  12.08 

G43
text complete in  9.66 

R79
text complete in  12.71 

M25
text complete in  13.18 

R35
text complete in  12.24 

R39
text complete in  10.58 

N28
text complete in  11.03 

K57
text complete in  9.95 

K43
text complete in  8.52 

J92
text complete in  7.66 

R52
text complete in  11.47 

F32
text complete in  11.94 

K66
text complete in  10.04 

K74
text complete in  7.03 

D50
text complete in  12.32 

R00
text complete in  11.97 

R05
text complete in  13.14 

M54
text complete in  13.03 

I51
text complete in  8.70 

K20
text complete in  7.69 

J45
text complete in  10.29 

D61
text complete in  10.61 

E46
text complete in  10.52 

R18
text complete in  11.22 

K31
text complete in  8.01 

I12
text complete in  8.69 

E11
text complete in  10.20 

E78
text complete in  11.16 

N40
text complete in  11.22 

D63
text complete in  11.34 

E86
text complete in  10.43 

F33
text complete in  8.92 

L29
text complete in  10.29 

I73
text complete in  9.40 

R14
text complete in  10.81 

R19
text complete in  11.85 

J18
text complete in  11.14 

R78
text complete in  10.16 

B95
text complete in  8.58 

F43
text complete in  10.77 

H91
text complete in  10.46 

N20
text complete in  9.17 

R62
text complete in  10.90 

R30
text complete in  11.75 

