D64
text complete in  13.48 

D80
text complete in  11.75 

A49
text complete in  9.43 

E27
text complete in  10.39 

R73
text complete in  14.06 

M89
text complete in  13.81 

I82
text complete in  11.25 

I42
text complete in  9.80 

R74
text complete in  11.47 

K56
text complete in  11.96 

R29
text complete in  12.72 

R47
text complete in  8.99 

L89
text complete in  8.54 

N39
text complete in  12.69 

N30
text complete in  10.88 

R09
text complete in  13.81 

D72
text complete in  13.81 

E66
text complete in  14.85 

R41
text complete in  15.06 

I47
text complete in  12.42 

M77
text complete in  10.14 

R76
text complete in  8.94 

I21
text complete in  10.12 

H35
text complete in  12.59 

E55
text complete in  15.83 

F17
text complete in  9.80 

H40
text complete in  12.14 

G47
text complete in  12.91 

I95
text complete in  11.52 

M79
text complete in  13.50 

B02
text complete in  9.46 

G95
text complete in  8.22 

E44
text complete in  8.86 

M80
text complete in  8.38 

M48
text complete in  11.31 

G40
text complete in  8.19 

R56
text complete in  9.48 

I49
text complete in  11.62 

J01
text complete in  11.66 

K83
text complete in  10.09 

R13
text complete in  11.86 

J84
text complete in  10.71 

M10
text complete in  9.10 

K13
text complete in  9.73 

R45
text complete in  10.98 

R04
text complete in  10.88 

H25
text complete in  15.77 

L03
text complete in  12.46 

L82
text complete in  15.24 

L81
text complete in  13.24 

K52
text complete in  11.39 

R21
text complete in  13.70 

B37
text complete in  10.93 

I50
text complete in  11.44 

D68
text complete in  11.51 

R93
text complete in  14.08 

R68
text complete in  12.38 

E80
text complete in  11.09 

L60
text complete in  11.41 

K80
text complete in  12.08 

M75
text complete in  12.40 

I25
text complete in  13.75 

I65
text complete in  10.17 

K92
text complete in  11.38 

J91
text complete in  10.70 

M16
text complete in  10.96 

N63
text complete in  10.13 

I63
text complete in  9.41 

R89
text complete in  7.84 

J38
text complete in  9.49 

M81
text complete in  12.67 

M19
text complete in  13.24 

E53
text complete in  10.90 

H04
text complete in  13.33 

M70
text complete in  9.22 

D53
text complete in  8.15 

M85
text complete in  12.98 

R23
text complete in  10.67 

I15
text complete in  8.75 

E43
text complete in  10.38 

J02
text complete in  11.24 

K08
text complete in  7.71 

J31
text complete in  10.94 

R16
text complete in  10.00 

E16
text complete in  7.42 

L27
text complete in  11.25 

L85
text complete in  11.45 

K86
text complete in  13.46 

M62
text complete in  13.37 

L98
text complete in  15.50 

R26
text complete in  14.71 

L57
text complete in  14.38 

R82
text complete in  10.79 

R22
text complete in  12.71 

L40
text complete in  10.31 

M20
text complete in  11.27 

M72
text complete in  10.65 

L02
text complete in  10.63 

J06
text complete in  13.41 

K11
text complete in  10.97 

