E04
text complete in  10.55 

H61
text complete in  11.29 

D73
text complete in  9.00 

B34
text complete in  9.83 

J32
text complete in  11.98 

H26
text complete in  13.29 

A41
text complete in  12.30 

N64
text complete in  12.45 

L65
text complete in  12.65 

J94
text complete in  9.12 

L73
text complete in  12.13 

B35
text complete in  13.61 

R61
text complete in  8.81 

I35
text complete in  10.01 

E08
text complete in  8.14 

N94
text complete in  11.53 

D59
text complete in  7.88 

L30
text complete in  13.08 

D49
text complete in  13.58 

J30
text complete in  12.68 

R43
text complete in  9.33 

N50
text complete in  9.21 

I67
text complete in  8.56 

R03
text complete in  11.03 

H92
text complete in  10.25 

L70
text complete in  10.32 

R69
text complete in  10.40 

M87
text complete in  10.00 

R17
text complete in  9.70 

R55
text complete in  11.78 

R32
text complete in  10.47 

M53
text complete in  10.25 

K85
text complete in  9.66 

H00
text complete in  10.43 

I27
text complete in  10.34 

H01
text complete in  11.94 

G25
text complete in  11.41 

E22
text complete in  8.75 

G60
text complete in  10.60 

R49
text complete in  11.07 

R31
text complete in  13.33 

N52
text complete in  14.18 

H52
text complete in  16.58 

I77
text complete in  11.14 

E61
text complete in  11.52 

M35
text complete in  9.15 

K75
text complete in  8.10 

K63
text complete in  11.80 

R20
text complete in  13.71 

A09
text complete in  10.09 

K64
text complete in  9.76 

E89
text complete in  11.46 

N83
text complete in  10.74 

K62
text complete in  12.64 

M06
text complete in  8.52 

B07
text complete in  11.63 

M84
text complete in  12.08 

I70
text complete in  11.43 

I44
text complete in  9.58 

I71
text complete in  10.22 

J43
text complete in  10.52 

E28
text complete in  9.01 

F10
text complete in  8.49 

R25
text complete in  12.16 

L91
text complete in  11.70 

K14
text complete in  9.05 

K58
text complete in  9.03 

D84
text complete in  11.96 

B96
text complete in  10.09 

R40
text complete in  8.91 

B00
text complete in  8.98 

F51
text complete in  9.85 

M47
text complete in  11.94 

E07
text complete in  8.15 

R33
text complete in  10.63 

K44
text complete in  9.26 

I81
text complete in  7.08 

F19
text complete in  7.37 

F11
text complete in  8.02 

M51
text complete in  10.38 

K22
text complete in  9.39 

D62
text complete in  7.62 

R92
text complete in  11.72 

N95
text complete in  12.60 

J70
text complete in  7.82 

J47
text complete in  8.90 

G56
text complete in  9.97 

F06
text complete in  9.19 

N32
text complete in  10.81 

R80
text complete in  9.70 

K82
text complete in  7.85 

K29
text complete in  8.17 

F39
text complete in  9.27 

M17
text complete in  11.61 

H57
text complete in  9.78 

N93
text complete in  8.67 

M65
text complete in  10.69 

H02
text complete in  11.16 

E05
text complete in  7.43 

L21
text complete in  9.75 

