E04
text complete in  8.62 

H61
text complete in  9.32 

D73
text complete in  6.16 

B34
text complete in  6.72 

J32
text complete in  8.45 

H26
text complete in  8.39 

A41
text complete in  7.98 

N64
text complete in  8.69 

L65
text complete in  8.30 

J94
text complete in  6.26 

L73
text complete in  7.86 

B35
text complete in  9.47 

R61
text complete in  6.38 

I35
text complete in  6.97 

E08
text complete in  6.30 

N94
text complete in  8.67 

D59
text complete in  6.17 

L30
text complete in  10.18 

D49
text complete in  8.74 

J30
text complete in  8.79 

R43
text complete in  6.99 

N50
text complete in  6.80 

I67
text complete in  6.57 

R03
text complete in  8.33 

H92
text complete in  7.47 

L70
text complete in  7.41 

R69
text complete in  7.63 

M87
text complete in  7.38 

R17
text complete in  7.08 

R55
text complete in  8.65 

R32
text complete in  8.00 

M53
text complete in  7.21 

K85
text complete in  6.42 

H00
text complete in  8.16 

I27
text complete in  7.82 

H01
text complete in  8.32 

G25
text complete in  8.22 

E22
text complete in  6.78 

G60
text complete in  7.17 

R49
text complete in  8.39 

R31
text complete in  10.15 

N52
text complete in  9.74 

H52
text complete in  10.56 

I77
text complete in  8.58 

E61
text complete in  8.49 

M35
text complete in  6.85 

K75
text complete in  6.48 

K63
text complete in  9.41 

R20
text complete in  10.93 

A09
text complete in  7.16 

K64
text complete in  8.10 

E89
text complete in  7.95 

N83
text complete in  7.28 

K62
text complete in  9.08 

M06
text complete in  5.89 

B07
text complete in  8.00 

M84
text complete in  8.59 

I70
text complete in  8.36 

I44
text complete in  7.22 

I71
text complete in  7.79 

J43
text complete in  7.95 

E28
text complete in  7.73 

F10
text complete in  6.53 

R25
text complete in  8.72 

L91
text complete in  8.68 

K14
text complete in  7.35 

K58
text complete in  7.42 

D84
text complete in  10.05 

B96
text complete in  8.33 

R40
text complete in  7.67 

B00
text complete in  7.83 

F51
text complete in  8.37 

M47
text complete in  10.08 

E07
text complete in  6.46 

R33
text complete in  8.50 

K44
text complete in  7.53 

I81
text complete in  5.99 

F19
text complete in  5.60 

F11
text complete in  6.64 

M51
text complete in  8.75 

K22
text complete in  7.54 

D62
text complete in  6.32 

R92
text complete in  9.35 

N95
text complete in  11.27 

J70
text complete in  6.81 

J47
text complete in  7.73 

G56
text complete in  8.39 

F06
text complete in  8.05 

N32
text complete in  8.65 

R80
text complete in  8.38 

K82
text complete in  6.88 

K29
text complete in  7.02 

F39
text complete in  7.55 

M17
text complete in  9.49 

H57
text complete in  7.80 

N93
text complete in  6.85 

M65
text complete in  8.71 

H02
text complete in  9.79 

E05
text complete in  6.03 

L21
text complete in  8.30 

