death
text complete in  20.23 

vte
text complete in  13.22 

I89
text complete in  10.69 

R11
text complete in  13.48 

D89
text complete in  12.49 

D75
text complete in  11.66 

R53
text complete in  13.87 

J90
text complete in  12.18 

E88
text complete in  8.46 

E87
text complete in  14.82 

N18
text complete in  12.36 

H53
text complete in  12.25 

R94
text complete in  12.80 

R51
text complete in  11.97 

R59
text complete in  14.15 

R91
text complete in  12.54 

R60
text complete in  14.00 

E03
text complete in  11.50 

D70
text complete in  12.07 

R50
text complete in  12.05 

G89
text complete in  14.01 

G93
text complete in  13.58 

D69
text complete in  12.17 

K59
text complete in  12.88 

I48
text complete in  11.23 

G44
text complete in  11.41 

R42
text complete in  12.52 

I26
text complete in  11.14 

K12
text complete in  9.18 

B25
text complete in  6.46 

H90
text complete in  10.85 

H93
text complete in  11.05 

N17
text complete in  12.59 

I87
text complete in  9.69 

L71
text complete in  9.52 

G62
text complete in  11.99 

E83
text complete in  13.13 

K76
text complete in  11.93 

L50
text complete in  7.74 

R06
text complete in  13.20 

R10
text complete in  13.03 

A04
text complete in  8.35 

E06
text complete in  7.96 

J98
text complete in  12.53 

K40
text complete in  8.22 

I10
text complete in  11.27 

R07
text complete in  11.61 

R97
text complete in  11.86 

R63
text complete in  13.62 

J69
text complete in  8.91 

J96
text complete in  10.19 

I31
text complete in  9.17 

N13
text complete in  11.03 

J44
text complete in  9.56 

I45
text complete in  7.66 

F41
text complete in  12.75 

K21
text complete in  12.30 

G43
text complete in  9.08 

R79
text complete in  13.48 

M25
text complete in  13.06 

R35
text complete in  11.53 

R39
text complete in  10.83 

N28
text complete in  11.16 

K57
text complete in  10.82 

K43
text complete in  8.41 

J92
text complete in  6.87 

R52
text complete in  10.81 

F32
text complete in  11.17 

K66
text complete in  9.42 

K74
text complete in  7.27 

D50
text complete in  11.95 

R00
text complete in  11.68 

R05
text complete in  13.37 

M54
text complete in  14.31 

I51
text complete in  8.67 

K20
text complete in  6.97 

J45
text complete in  9.37 

D61
text complete in  10.62 

E46
text complete in  10.37 

R18
text complete in  11.46 

K31
text complete in  7.57 

I12
text complete in  8.37 

E11
text complete in  11.25 

E78
text complete in  11.06 

N40
text complete in  11.68 

D63
text complete in  10.30 

E86
text complete in  9.84 

F33
text complete in  9.20 

L29
text complete in  9.55 

I73
text complete in  8.60 

R14
text complete in  9.77 

R19
text complete in  11.07 

J18
text complete in  10.59 

R78
text complete in  9.61 

B95
text complete in  8.80 

F43
text complete in  10.70 

H91
text complete in  10.81 

N20
text complete in  9.81 

R62
text complete in  11.67 

R30
text complete in  10.91 

