D64
text complete in  12.82 

D80
text complete in  11.22 

A49
text complete in  8.20 

E27
text complete in  9.33 

R73
text complete in  12.73 

M89
text complete in  12.95 

I82
text complete in  10.88 

I42
text complete in  9.52 

R74
text complete in  11.01 

K56
text complete in  10.80 

R29
text complete in  11.23 

R47
text complete in  7.69 

L89
text complete in  6.86 

N39
text complete in  11.61 

N30
text complete in  9.94 

R09
text complete in  12.85 

D72
text complete in  11.55 

E66
text complete in  12.44 

R41
text complete in  12.90 

I47
text complete in  10.08 

M77
text complete in  9.44 

R76
text complete in  7.16 

I21
text complete in  8.01 

H35
text complete in  10.96 

E55
text complete in  13.54 

F17
text complete in  8.50 

H40
text complete in  10.82 

G47
text complete in  12.70 

I95
text complete in  11.15 

M79
text complete in  12.85 

B02
text complete in  8.47 

G95
text complete in  7.35 

E44
text complete in  7.71 

M80
text complete in  8.34 

M48
text complete in  11.41 

G40
text complete in  7.93 

R56
text complete in  8.76 

I49
text complete in  10.34 

J01
text complete in  9.57 

K83
text complete in  8.73 

R13
text complete in  10.76 

J84
text complete in  9.30 

M10
text complete in  7.72 

K13
text complete in  9.52 

R45
text complete in  10.07 

R04
text complete in  9.81 

H25
text complete in  12.88 

L03
text complete in  11.54 

L82
text complete in  12.33 

L81
text complete in  12.36 

K52
text complete in  11.57 

R21
text complete in  12.30 

B37
text complete in  11.25 

I50
text complete in  10.79 

D68
text complete in  9.55 

R93
text complete in  12.16 

R68
text complete in  10.66 

E80
text complete in  9.22 

L60
text complete in  9.64 

K80
text complete in  8.49 

M75
text complete in  9.00 

I25
text complete in  10.19 

I65
text complete in  7.21 

K92
text complete in  9.62 

J91
text complete in  7.94 

M16
text complete in  9.69 

N63
text complete in  9.00 

I63
text complete in  8.92 

R89
text complete in  6.40 

J38
text complete in  8.56 

M81
text complete in  10.49 

M19
text complete in  10.86 

E53
text complete in  9.09 

H04
text complete in  11.43 

M70
text complete in  8.85 

D53
text complete in  7.93 

M85
text complete in  11.63 

R23
text complete in  11.07 

I15
text complete in  9.00 

E43
text complete in  9.97 

J02
text complete in  9.86 

K08
text complete in  6.89 

J31
text complete in  9.77 

R16
text complete in  10.34 

E16
text complete in  7.03 

L27
text complete in  10.26 

L85
text complete in  10.46 

K86
text complete in  9.70 

M62
text complete in  10.03 

L98
text complete in  11.59 

R26
text complete in  10.74 

L57
text complete in  11.87 

R82
text complete in  9.23 

R22
text complete in  11.48 

L40
text complete in  7.05 

M20
text complete in  8.60 

M72
text complete in  8.86 

L02
text complete in  8.50 

J06
text complete in  10.29 

K11
text complete in  8.78 

