B99
text complete in  8.28 

M21
text complete in  7.58 

K90
text complete in  6.72 

N89
text complete in  11.75 

L90
text complete in  11.34 

I34
text complete in  9.21 

R90
text complete in  7.47 

L08
text complete in  8.91 

L72
text complete in  11.06 

R58
text complete in  7.72 

J34
text complete in  10.18 

M43
text complete in  9.00 

L23
text complete in  9.04 

H11
text complete in  8.82 

H16
text complete in  9.80 

R12
text complete in  7.54 

L53
text complete in  8.62 

B49
text complete in  7.41 

E23
text complete in  8.40 

R65
text complete in  7.82 

F90
text complete in  8.28 

G31
text complete in  8.43 

H10
text complete in  9.74 

H43
text complete in  14.92 

M76
text complete in  11.02 

H69
text complete in  10.72 

K02
text complete in  7.99 

R01
text complete in  9.71 

M67
text complete in  9.09 

R57
text complete in  7.30 

K05
text complete in  6.99 

brainM
text complete in  7.83 

boneM
text complete in  9.63 

adrenalM
text complete in  6.42 

liverM
text complete in  8.75 

lungM
text complete in  9.01 

nodeM
text complete in  9.77 

peritonealM
text complete in  7.91 

