E04
text complete in  10.92 

H61
text complete in  11.13 

D73
text complete in  8.43 

B34
text complete in  7.93 

J32
text complete in  10.62 

H26
text complete in  13.08 

A41
text complete in  12.26 

N64
text complete in  12.20 

L65
text complete in  9.87 

J94
text complete in  7.56 

L73
text complete in  10.29 

B35
text complete in  12.25 

R61
text complete in  8.70 

I35
text complete in  8.46 

E08
text complete in  8.16 

N94
text complete in  11.12 

D59
text complete in  7.98 

L30
text complete in  11.80 

D49
text complete in  10.57 

J30
text complete in  10.82 

R43
text complete in  7.56 

N50
text complete in  8.03 

I67
text complete in  7.26 

R03
text complete in  10.22 

H92
text complete in  9.32 

L70
text complete in  9.19 

R69
text complete in  10.05 

M87
text complete in  9.92 

R17
text complete in  8.23 

R55
text complete in  9.70 

R32
text complete in  10.21 

M53
text complete in  10.89 

K85
text complete in  8.67 

H00
text complete in  11.96 

I27
text complete in  11.03 

H01
text complete in  9.29 

G25
text complete in  9.17 

E22
text complete in  7.39 

G60
text complete in  8.19 

R49
text complete in  9.13 

R31
text complete in  13.12 

N52
text complete in  11.98 

H52
text complete in  14.13 

I77
text complete in  10.53 

E61
text complete in  9.42 

M35
text complete in  7.11 

K75
text complete in  6.94 

K63
text complete in  9.42 

R20
text complete in  10.52 

A09
text complete in  7.47 

K64
text complete in  8.49 

E89
text complete in  8.07 

N83
text complete in  8.14 

K62
text complete in  9.42 

M06
text complete in  6.83 

B07
text complete in  10.20 

M84
text complete in  12.06 

I70
text complete in  12.29 

I44
text complete in  9.88 

I71
text complete in  11.15 

J43
text complete in  10.30 

E28
text complete in  9.46 

F10
text complete in  10.02 

R25
text complete in  12.40 

L91
text complete in  10.96 

K14
text complete in  7.76 

K58
text complete in  7.89 

D84
text complete in  10.36 

B96
text complete in  8.76 

R40
text complete in  8.60 

B00
text complete in  9.00 

F51
text complete in  10.06 

M47
text complete in  11.43 

E07
text complete in  7.79 

R33
text complete in  9.43 

K44
text complete in  8.51 

I81
text complete in  7.06 

F19
text complete in  6.16 

F11
text complete in  7.24 

M51
text complete in  9.76 

K22
text complete in  8.08 

D62
text complete in  6.40 

R92
text complete in  9.55 

N95
text complete in  12.32 

J70
text complete in  7.27 

J47
text complete in  8.89 

G56
text complete in  9.76 

F06
text complete in  8.85 

N32
text complete in  9.37 

R80
text complete in  8.78 

K82
text complete in  7.46 

K29
text complete in  7.65 

F39
text complete in  8.42 

M17
text complete in  10.82 

H57
text complete in  8.19 

N93
text complete in  8.47 

M65
text complete in  10.07 

H02
text complete in  10.99 

E05
text complete in  7.31 

L21
text complete in  9.44 

