death
text complete in  15.80 

vte
text complete in  10.81 

I89
text complete in  8.19 

R11
text complete in  11.07 

D89
text complete in  9.20 

D75
text complete in  9.40 

R53
text complete in  11.27 

J90
text complete in  10.63 

E88
text complete in  7.66 

E87
text complete in  12.28 

N18
text complete in  10.59 

H53
text complete in  10.32 

R94
text complete in  10.55 

R51
text complete in  10.69 

R59
text complete in  12.03 

R91
text complete in  11.41 

R60
text complete in  13.59 

E03
text complete in  11.15 

D70
text complete in  10.19 

R50
text complete in  10.99 

G89
text complete in  12.27 

G93
text complete in  10.86 

D69
text complete in  10.73 

K59
text complete in  11.56 

I48
text complete in  9.52 

G44
text complete in  9.01 

R42
text complete in  10.83 

I26
text complete in  9.72 

K12
text complete in  8.55 

B25
text complete in  5.35 

H90
text complete in  10.29 

H93
text complete in  10.15 

N17
text complete in  12.03 

I87
text complete in  11.53 

L71
text complete in  10.85 

G62
text complete in  13.75 

E83
text complete in  14.34 

K76
text complete in  14.76 

L50
text complete in  8.97 

R06
text complete in  15.61 

R10
text complete in  14.41 

A04
text complete in  8.79 

E06
text complete in  8.95 

J98
text complete in  12.57 

K40
text complete in  9.47 

I10
text complete in  11.91 

R07
text complete in  13.45 

R97
text complete in  13.08 

R63
text complete in  13.46 

J69
text complete in  9.34 

J96
text complete in  10.78 

I31
text complete in  10.28 

N13
text complete in  11.67 

J44
text complete in  10.82 

I45
text complete in  9.15 

F41
text complete in  13.10 

K21
text complete in  13.36 

G43
text complete in  10.14 

R79
text complete in  14.61 

M25
text complete in  15.14 

R35
text complete in  13.33 

R39
text complete in  11.95 

N28
text complete in  12.38 

K57
text complete in  11.19 

K43
text complete in  9.44 

J92
text complete in  8.89 

R52
text complete in  12.59 

F32
text complete in  13.26 

K66
text complete in  9.99 

K74
text complete in  7.56 

D50
text complete in  13.83 

R00
text complete in  13.79 

R05
text complete in  15.03 

M54
text complete in  15.34 

I51
text complete in  9.68 

K20
text complete in  8.56 

J45
text complete in  11.36 

D61
text complete in  12.32 

E46
text complete in  9.90 

R18
text complete in  11.41 

K31
text complete in  8.18 

I12
text complete in  8.77 

E11
text complete in  9.53 

E78
text complete in  11.66 

N40
text complete in  10.57 

D63
text complete in  11.13 

E86
text complete in  10.16 

F33
text complete in  9.32 

L29
text complete in  10.42 

I73
text complete in  9.18 

R14
text complete in  10.76 

R19
text complete in  11.64 

J18
text complete in  11.24 

R78
text complete in  10.29 

B95
text complete in  8.64 

F43
text complete in  10.78 

H91
text complete in  11.91 

N20
text complete in  10.63 

R62
text complete in  12.21 

R30
text complete in  11.36 

