L70
stage complete in  0.25
treatment complete in  0.33
labs complete in  1.13
somatic complete in  2.34
prs complete in  12.39
text complete in  5.75 

R69
stage complete in  0.43
treatment complete in  0.47
labs complete in  0.97
somatic complete in  1.87
prs complete in  11.26
text complete in  4.20 

M87
stage complete in  0.43
treatment complete in  0.46
labs complete in  1.06
somatic complete in  2.05
prs complete in  11.63
text complete in  5.16 

R17
stage complete in  0.29
treatment complete in  0.40
labs complete in  1.16
somatic complete in  2.29
prs complete in  11.77
text complete in  5.78 

R55
stage complete in  0.27
treatment complete in  0.28
labs complete in  1.03
somatic complete in  2.45
prs complete in  12.12
text complete in  5.95 

R32
stage complete in  0.36
treatment complete in  0.42
labs complete in  1.06
somatic complete in  2.33
prs complete in  13.23
text complete in  5.40 

M53
stage complete in  0.34
treatment complete in  0.39
labs complete in  1.12
somatic complete in  2.23
prs complete in  12.17
text complete in  5.03 

K85
stage complete in  0.36
treatment complete in  0.42
labs complete in  0.98
somatic complete in  2.06
prs complete in  12.08
text complete in  4.64 

H00
stage complete in  0.32
treatment complete in  0.46
labs complete in  1.07
somatic complete in  2.15
prs complete in  10.63
text complete in  4.75 

I27
stage complete in  0.40
treatment complete in  0.39
labs complete in  1.14
somatic complete in  2.31
prs complete in  12.90
text complete in  5.77 

H01
stage complete in  0.40
treatment complete in  0.38
labs complete in  0.96
somatic complete in  2.14
prs complete in  11.56
text complete in  4.57 

G25
stage complete in  0.33
treatment complete in  0.32
labs complete in  1.14
somatic complete in  1.72
prs complete in  13.17
text complete in  5.66 

E22
stage complete in  0.39
treatment complete in  0.45
labs complete in  0.90
somatic complete in  2.21
prs complete in  11.82
text complete in  4.67 

G60
stage complete in  0.45
treatment complete in  0.45
labs complete in  1.11
somatic complete in  1.72
prs complete in  9.65
text complete in  3.72 

R49
stage complete in  0.34
treatment complete in  0.39
labs complete in  1.14
somatic complete in  2.57
prs complete in  14.13
text complete in  6.03 

R31
stage complete in  0.35
treatment complete in  0.38
labs complete in  1.29
somatic complete in  2.49
prs complete in  12.64
text complete in  6.69 

N52
stage complete in  0.57
treatment complete in  0.65
labs complete in  1.25
somatic complete in  2.51
prs complete in  12.11
text complete in  5.38 

H52
stage complete in  0.27
treatment complete in  0.33
labs complete in  1.14
somatic complete in  2.75
prs complete in  12.35
text complete in  6.83 

I77
stage complete in  0.43
treatment complete in  0.49
labs complete in  1.15
somatic complete in  2.09
prs complete in  11.39
text complete in  4.43 

E61
stage complete in  0.33
treatment complete in  0.43
labs complete in  1.16
somatic complete in  2.55
prs complete in  11.92
text complete in  5.94 

M35
stage complete in  0.54
treatment complete in  0.55
labs complete in  1.09
somatic complete in  2.31
prs complete in  11.94
text complete in  4.86 

K75
stage complete in  0.37
treatment complete in  0.37
labs complete in  1.22
somatic complete in  2.33
prs complete in  11.93
text complete in  5.50 

K63
stage complete in  0.32
treatment complete in  0.41
labs complete in  1.25
somatic complete in  2.64
prs complete in  13.77
text complete in  6.52 

R20
stage complete in  0.31
treatment complete in  0.32
labs complete in  1.16
somatic complete in  2.67
prs complete in  12.32
text complete in  7.14 

A09
stage complete in  0.34
treatment complete in  0.43
labs complete in  1.21
somatic complete in  2.16
prs complete in  11.62
text complete in  4.90 

