K52
stage complete in  0.34
treatment complete in  0.30
labs complete in  1.14
somatic complete in  2.55
prs complete in  12.31
text complete in  7.49 

R21
stage complete in  0.33
treatment complete in  0.33
labs complete in  1.15
somatic complete in  2.84
prs complete in  12.60
text complete in  7.53 

B37
stage complete in  0.29
treatment complete in  0.29
labs complete in  1.17
somatic complete in  2.45
prs complete in  11.97
text complete in  6.87 

I50
stage complete in  0.34
treatment complete in  0.38
labs complete in  1.14
somatic complete in  2.44
prs complete in  11.52
text complete in  6.28 

D68
stage complete in  0.27
treatment complete in  0.29
labs complete in  1.14
somatic complete in  2.42
prs complete in  11.38
text complete in  6.25 

R93
stage complete in  0.29
treatment complete in  0.27
labs complete in  1.21
somatic complete in  2.55
prs complete in  12.68
text complete in  7.42 

R68
stage complete in  0.31
treatment complete in  0.31
labs complete in  1.20
somatic complete in  2.52
prs complete in  11.79
text complete in  6.78 

E80
stage complete in  0.30
treatment complete in  0.36
labs complete in  1.37
somatic complete in  2.43
prs complete in  11.23
text complete in  6.22 

L60
stage complete in  0.30
treatment complete in  0.35
labs complete in  1.08
somatic complete in  2.22
prs complete in  11.32
text complete in  5.48 

K80
stage complete in  0.31
treatment complete in  0.35
labs complete in  1.12
somatic complete in  2.31
prs complete in  10.86
text complete in  5.68 

M75
stage complete in  0.37
treatment complete in  0.42
labs complete in  1.07
somatic complete in  2.31
prs complete in  10.79
text complete in  5.52 

I25
stage complete in  0.28
treatment complete in  0.33
labs complete in  1.18
somatic complete in  2.57
prs complete in  11.94
text complete in  7.12 

I65
stage complete in  0.35
treatment complete in  0.45
labs complete in  1.05
somatic complete in  2.11
prs complete in  9.99
text complete in  4.48 

K92
stage complete in  0.31
treatment complete in  0.32
labs complete in  1.08
somatic complete in  2.53
prs complete in  11.98
text complete in  6.50 

J91
stage complete in  0.33
treatment complete in  0.39
labs complete in  1.08
somatic complete in  2.31
prs complete in  11.57
text complete in  6.25 

M16
stage complete in  0.32
treatment complete in  0.36
labs complete in  1.11
somatic complete in  2.19
prs complete in  12.22
text complete in  5.00 

N63
stage complete in  0.40
treatment complete in  0.49
labs complete in  1.23
somatic complete in  2.44
prs complete in  10.72
text complete in  5.67 

I63
stage complete in  0.34
treatment complete in  0.39
labs complete in  1.12
somatic complete in  2.26
prs complete in  10.64
text complete in  5.69 

R89
stage complete in  0.56
treatment complete in  0.56
labs complete in  1.11
somatic complete in  2.04
prs complete in  9.51
text complete in  4.72 

J38
stage complete in  0.38
treatment complete in  0.43
labs complete in  1.08
somatic complete in  2.29
prs complete in  10.81
text complete in  5.56 

M81
stage complete in  0.36
treatment complete in  0.40
labs complete in  1.19
somatic complete in  2.54
prs complete in  11.42
text complete in  6.54 

M19
stage complete in  0.33
treatment complete in  0.32
labs complete in  1.19
somatic complete in  2.57
prs complete in  11.75
text complete in  6.18 

E53
stage complete in  0.35
treatment complete in  0.35
labs complete in  1.22
somatic complete in  2.39
prs complete in  10.78
text complete in  4.91 

H04
stage complete in  0.36
treatment complete in  0.37
labs complete in  1.08
somatic complete in  2.43
prs complete in  11.48
text complete in  5.95 

M70
stage complete in  0.34
treatment complete in  0.38
labs complete in  1.05
somatic complete in  2.20
prs complete in  10.41
text complete in  4.57 

