death
stage complete in  0.37
treatment complete in  0.31
labs complete in  1.32
somatic complete in  1.97
prs complete in  11.20
text complete in  9.87 

vte
stage complete in  0.29
treatment complete in  0.32
labs complete in  1.20
somatic complete in  2.54
prs complete in  12.51
text complete in  7.75 

I89
stage complete in  0.33
treatment complete in  0.32
labs complete in  1.14
somatic complete in  2.37
prs complete in  11.43
text complete in  5.03 

R11
stage complete in  0.35
treatment complete in  0.33
labs complete in  1.18
somatic complete in  1.32
prs complete in  14.10
text complete in  8.99 

D89
stage complete in  0.45
treatment complete in  0.56
labs complete in  1.19
somatic complete in  2.30
prs complete in  10.76
text complete in  5.19 

D75
stage complete in  0.30
treatment complete in  0.34
labs complete in  1.14
somatic complete in  2.32
prs complete in  11.85
text complete in  5.99 

R53
stage complete in  0.27
treatment complete in  0.27
labs complete in  1.15
somatic complete in  1.33
prs complete in  12.37
text complete in  8.80 

J90
stage complete in  0.32
treatment complete in  0.29
labs complete in  1.15
somatic complete in  2.05
prs complete in  12.89
text complete in  8.10 

E88
stage complete in  0.29
treatment complete in  0.36
labs complete in  1.20
somatic complete in  2.27
prs complete in  10.91
text complete in  5.23 

E87
stage complete in  0.25
treatment complete in  0.29
labs complete in  1.20
somatic complete in  1.98
prs complete in  12.90
text complete in  8.54 

N18
stage complete in  0.34
treatment complete in  0.33
labs complete in  1.27
somatic complete in  2.59
prs complete in  12.29
text complete in  6.78 

H53
stage complete in  0.37
treatment complete in  0.39
labs complete in  1.07
somatic complete in  2.43
prs complete in  11.77
text complete in  6.17 

R94
stage complete in  0.34
treatment complete in  0.32
labs complete in  1.26
somatic complete in  2.65
prs complete in  12.10
text complete in  6.84 

R51
stage complete in  0.25
treatment complete in  0.30
labs complete in  1.21
somatic complete in  2.50
prs complete in  11.97
text complete in  6.74 

R59
stage complete in  0.33
treatment complete in  0.34
labs complete in  1.43
somatic complete in  1.63
prs complete in  12.76
text complete in  8.01 

R91
stage complete in  0.35
treatment complete in  0.34
labs complete in  1.12
somatic complete in  1.54
prs complete in  11.60
text complete in  9.43 

R60
stage complete in  0.32
treatment complete in  0.32
labs complete in  1.30
somatic complete in  2.13
prs complete in  12.78
text complete in  7.74 

E03
stage complete in  0.32
treatment complete in  0.35
labs complete in  1.16
somatic complete in  2.55
prs complete in  12.98
text complete in  7.66 

D70
stage complete in  0.31
treatment complete in  0.32
labs complete in  1.36
somatic complete in  1.83
prs complete in  13.12
text complete in  8.21 

R50
stage complete in  0.35
treatment complete in  0.37
labs complete in  1.38
somatic complete in  2.46
prs complete in  13.25
text complete in  7.74 

G89
stage complete in  0.34
treatment complete in  0.33
labs complete in  1.29
somatic complete in  1.46
prs complete in  16.89
text complete in  9.01 

G93
stage complete in  0.29
treatment complete in  0.37
labs complete in  1.31
somatic complete in  2.69
prs complete in  12.83
text complete in  7.33 

D69
stage complete in  0.36
treatment complete in  0.39
labs complete in  1.29
somatic complete in  2.20
prs complete in  13.65
text complete in  7.75 

K59
stage complete in  0.36
treatment complete in  0.39
labs complete in  1.20
somatic complete in  1.65
prs complete in  13.41
text complete in  8.73 

I48
stage complete in  0.30
treatment complete in  0.35
labs complete in  1.16
somatic complete in  2.60
prs complete in  13.33
text complete in  6.59 

