D64
stage complete in  0.26
treatment complete in  0.31
labs complete in  1.21
somatic complete in  2.56
prs complete in  13.69
text complete in  9.44 

D80
stage complete in  0.46
treatment complete in  0.56
labs complete in  1.15
somatic complete in  2.21
prs complete in  10.67
text complete in  4.66 

A49
stage complete in  0.37
treatment complete in  0.39
labs complete in  1.11
somatic complete in  2.26
prs complete in  11.74
text complete in  5.83 

E27
stage complete in  0.30
treatment complete in  0.36
labs complete in  1.29
somatic complete in  2.83
prs complete in  13.28
text complete in  7.49 

R73
stage complete in  0.30
treatment complete in  0.35
labs complete in  1.25
somatic complete in  2.89
prs complete in  14.66
text complete in  8.39 

M89
stage complete in  0.32
treatment complete in  0.28
labs complete in  1.19
somatic complete in  2.71
prs complete in  15.73
text complete in  8.87 

I82
stage complete in  0.33
treatment complete in  0.29
labs complete in  1.29
somatic complete in  2.46
prs complete in  16.00
text complete in  8.47 

I42
stage complete in  0.32
treatment complete in  0.34
labs complete in  1.08
somatic complete in  2.54
prs complete in  14.91
text complete in  6.57 

R74
stage complete in  0.29
treatment complete in  0.28
labs complete in  1.20
somatic complete in  2.82
prs complete in  20.53
text complete in  8.33 

K56
stage complete in  0.27
treatment complete in  0.39
labs complete in  1.17
somatic complete in  2.64
prs complete in  17.00
text complete in  7.74 

R29
stage complete in  0.28
treatment complete in  0.33
labs complete in  1.21
somatic complete in  2.72
prs complete in  14.32
text complete in  7.39 

R47
stage complete in  0.45
treatment complete in  0.59
labs complete in  1.17
somatic complete in  2.44
prs complete in  13.95
text complete in  5.40 

L89
stage complete in  0.33
treatment complete in  0.29
labs complete in  1.27
somatic complete in  2.57
prs complete in  13.19
text complete in  6.04 

N39
stage complete in  0.29
treatment complete in  0.29
labs complete in  1.47
somatic complete in  2.81
prs complete in  14.64
text complete in  9.08 

N30
stage complete in  0.31
treatment complete in  0.40
labs complete in  1.37
somatic complete in  2.86
prs complete in  14.19
text complete in  7.19 

R09
stage complete in  0.29
treatment complete in  0.36
labs complete in  1.24
somatic complete in  3.17
prs complete in  16.38
text complete in  8.61 

D72
stage complete in  0.27
treatment complete in  0.29
labs complete in  1.15
somatic complete in  2.87
prs complete in  15.06
text complete in  8.63 

E66
stage complete in  0.27
treatment complete in  0.33
labs complete in  1.01
somatic complete in  3.03
prs complete in  18.27
text complete in  8.14 

R41
stage complete in  0.35
treatment complete in  0.29
labs complete in  1.38
somatic complete in  2.95
prs complete in  17.58
text complete in  8.15 

I47
stage complete in  0.32
treatment complete in  0.35
labs complete in  1.09
somatic complete in  2.56
prs complete in  13.82
text complete in  5.77 

M77
stage complete in  0.37
treatment complete in  0.44
labs complete in  1.07
somatic complete in  2.37
prs complete in  17.41
text complete in  4.79 

R76
stage complete in  0.43
treatment complete in  0.48
labs complete in  0.96
somatic complete in  2.21
prs complete in  17.66
text complete in  4.95 

I21
stage complete in  0.30
treatment complete in  0.39
labs complete in  1.07
somatic complete in  2.29
prs complete in  16.69
text complete in  5.11 

H35
stage complete in  0.35
treatment complete in  0.34
labs complete in  1.05
somatic complete in  2.57
prs complete in  14.48
text complete in  6.12 

E55
stage complete in  0.31
treatment complete in  0.30
labs complete in  1.18
somatic complete in  2.73
prs complete in  15.14
text complete in  8.29 

