K20
stage complete in  0.42
treatment complete in  0.53
labs complete in  1.08
somatic complete in  2.45
prs complete in  11.23
text complete in  5.02 

J45
stage complete in  0.30
treatment complete in  0.31
labs complete in  1.13
somatic complete in  2.68
prs complete in  12.67
text complete in  6.82 

D61
stage complete in  0.30
treatment complete in  0.37
labs complete in  1.34
somatic complete in  2.71
prs complete in  13.03
text complete in  7.77 

E46
stage complete in  0.26
treatment complete in  0.28
labs complete in  1.22
somatic complete in  2.48
prs complete in  12.63
text complete in  7.55 

R18
stage complete in  0.33
treatment complete in  0.41
labs complete in  1.28
somatic complete in  2.04
prs complete in  13.07
text complete in  8.43 

K31
stage complete in  0.32
treatment complete in  0.35
labs complete in  1.18
somatic complete in  2.47
prs complete in  11.25
text complete in  6.06 

I12
stage complete in  0.34
treatment complete in  0.35
labs complete in  1.17
somatic complete in  2.31
prs complete in  11.35
text complete in  5.67 

E11
stage complete in  0.34
treatment complete in  0.29
labs complete in  1.43
somatic complete in  2.78
prs complete in  12.80
text complete in  7.80 

E78
stage complete in  0.35
treatment complete in  0.30
labs complete in  1.28
somatic complete in  2.32
prs complete in  13.47
text complete in  8.84 

N40
stage complete in  0.63
treatment complete in  0.71
labs complete in  1.51
somatic complete in  2.70
prs complete in  12.45
text complete in  7.52 

D63
stage complete in  0.30
treatment complete in  0.33
labs complete in  1.29
somatic complete in  2.56
prs complete in  12.31
text complete in  7.50 

E86
stage complete in  0.35
treatment complete in  0.37
labs complete in  1.39
somatic complete in  2.62
prs complete in  13.09
text complete in  8.70 

F33
stage complete in  0.36
treatment complete in  0.38
labs complete in  1.07
somatic complete in  2.59
prs complete in  11.63
text complete in  6.45 

L29
stage complete in  0.30
treatment complete in  0.33
labs complete in  1.12
somatic complete in  2.53
prs complete in  11.75
text complete in  6.52 

I73
stage complete in  0.30
treatment complete in  0.41
labs complete in  1.19
somatic complete in  2.37
prs complete in  10.93
text complete in  5.56 

R14
stage complete in  0.37
treatment complete in  0.32
labs complete in  1.18
somatic complete in  2.57
prs complete in  12.23
text complete in  6.62 

R19
stage complete in  0.32
treatment complete in  0.37
labs complete in  1.24
somatic complete in  2.58
prs complete in  13.27
text complete in  9.14 

J18
stage complete in  0.31
treatment complete in  0.36
labs complete in  1.36
somatic complete in  2.63
prs complete in  12.56
text complete in  7.33 

R78
stage complete in  0.30
treatment complete in  0.31
labs complete in  1.19
somatic complete in  2.39
prs complete in  11.87
text complete in  6.47 

B95
stage complete in  0.39
treatment complete in  0.49
labs complete in  1.10
somatic complete in  2.33
prs complete in  11.05
text complete in  5.43 

F43
stage complete in  0.28
treatment complete in  0.30
labs complete in  1.19
somatic complete in  2.78
prs complete in  12.47
text complete in  7.48 

H91
stage complete in  0.32
treatment complete in  0.38
labs complete in  1.13
somatic complete in  2.50
prs complete in  11.45
text complete in  5.91 

N20
stage complete in  0.37
treatment complete in  0.35
labs complete in  1.21
somatic complete in  2.41
prs complete in  10.99
text complete in  5.63 

R62
stage complete in  0.33
treatment complete in  0.36
labs complete in  1.19
somatic complete in  2.60
prs complete in  12.24
text complete in  7.26 

R30
stage complete in  0.34
treatment complete in  0.35
labs complete in  1.22
somatic complete in  2.33
prs complete in  12.49
text complete in  7.57 

