F17
stage complete in  0.30
treatment complete in  0.35
labs complete in  1.18
somatic complete in  2.51
prs complete in  11.08
text complete in  5.88 

H40
stage complete in  0.33
treatment complete in  0.29
labs complete in  1.11
somatic complete in  2.41
prs complete in  12.06
text complete in  5.76 

G47
stage complete in  0.29
treatment complete in  0.31
labs complete in  1.15
somatic complete in  2.33
prs complete in  12.84
text complete in  8.28 

I95
stage complete in  0.29
treatment complete in  0.26
labs complete in  1.23
somatic complete in  2.49
prs complete in  13.66
text complete in  7.15 

M79
stage complete in  0.27
treatment complete in  0.27
labs complete in  1.10
somatic complete in  2.74
prs complete in  12.88
text complete in  8.57 

B02
stage complete in  0.37
treatment complete in  0.38
labs complete in  1.09
somatic complete in  2.22
prs complete in  11.25
text complete in  5.50 

G95
stage complete in  0.58
treatment complete in  0.62
labs complete in  1.22
somatic complete in  2.28
prs complete in  10.64
text complete in  4.99 

E44
stage complete in  0.36
treatment complete in  0.40
labs complete in  1.19
somatic complete in  2.29
prs complete in  11.43
text complete in  6.09 

M80
stage complete in  0.46
treatment complete in  0.47
labs complete in  1.14
somatic complete in  2.25
prs complete in  10.11
text complete in  4.69 

M48
stage complete in  0.32
treatment complete in  0.28
labs complete in  1.13
somatic complete in  2.54
prs complete in  11.71
text complete in  6.39 

G40
stage complete in  0.38
treatment complete in  0.46
labs complete in  1.12
somatic complete in  1.91
prs complete in  11.62
text complete in  5.54 

R56
stage complete in  0.53
treatment complete in  0.61
labs complete in  1.24
somatic complete in  2.56
prs complete in  11.73
text complete in  6.19 

I49
stage complete in  0.30
treatment complete in  0.37
labs complete in  1.20
somatic complete in  2.45
prs complete in  11.59
text complete in  5.94 

J01
stage complete in  0.38
treatment complete in  0.47
labs complete in  1.12
somatic complete in  2.33
prs complete in  10.80
text complete in  5.20 

K83
stage complete in  0.36
treatment complete in  0.33
labs complete in  1.19
somatic complete in  2.48
prs complete in  11.38
text complete in  6.08 

R13
stage complete in  0.40
treatment complete in  0.47
labs complete in  1.35
somatic complete in  2.76
prs complete in  12.64
text complete in  7.81 

J84
stage complete in  0.40
treatment complete in  0.41
labs complete in  1.38
somatic complete in  2.41
prs complete in  11.57
text complete in  6.03 

M10
stage complete in  0.37
treatment complete in  0.39
labs complete in  1.15
somatic complete in  2.35
prs complete in  11.09
text complete in  5.29 

K13
stage complete in  0.34
treatment complete in  0.40
labs complete in  1.21
somatic complete in  2.32
prs complete in  11.35
text complete in  5.97 

R45
stage complete in  0.32
treatment complete in  0.30
labs complete in  1.15
somatic complete in  2.41
prs complete in  11.63
text complete in  6.79 

R04
stage complete in  0.32
treatment complete in  0.27
labs complete in  1.04
somatic complete in  2.42
prs complete in  11.40
text complete in  5.75 

H25
stage complete in  0.28
treatment complete in  0.29
labs complete in  1.27
somatic complete in  2.60
prs complete in  12.41
text complete in  6.99 

L03
stage complete in  0.34
treatment complete in  0.38
labs complete in  1.14
somatic complete in  2.41
prs complete in  11.83
text complete in  6.63 

L82
stage complete in  0.40
treatment complete in  0.42
labs complete in  1.27
somatic complete in  2.87
prs complete in  12.18
text complete in  7.47 

L81
stage complete in  0.36
treatment complete in  0.34
labs complete in  1.36
somatic complete in  2.63
prs complete in  11.93
text complete in  6.81 

