H69
stage complete in  0.36
treatment complete in  0.37
labs complete in  1.02
somatic complete in  2.09
prs complete in  12.94
text complete in  5.36 

K02
stage complete in  0.50
treatment complete in  0.49
labs complete in  1.13
somatic complete in  2.26
prs complete in  15.46
text complete in  5.13 

R01
stage complete in  0.42
treatment complete in  0.37
labs complete in  1.07
somatic complete in  2.34
prs complete in  16.77
text complete in  5.24 

M67
stage complete in  0.41
treatment complete in  0.41
labs complete in  1.01
somatic complete in  2.12
prs complete in  16.67
text complete in  4.96 

R57
stage complete in  0.33
treatment complete in  0.44
labs complete in  1.07
somatic complete in  2.15
prs complete in  16.36
text complete in  4.48 

K05
stage complete in  0.44
treatment complete in  0.52
labs complete in  1.02
somatic complete in  1.82
prs complete in  16.48
text complete in  4.21 

brainM
stage complete in  0.43
treatment complete in  0.53
labs complete in  1.39
somatic complete in  2.68
prs complete in  17.32
text complete in  8.33 

boneM
stage complete in  0.27
treatment complete in  0.34
labs complete in  1.11
somatic complete in  2.18
prs complete in  18.52
text complete in  8.67 

adrenalM
stage complete in  0.30
treatment complete in  0.32
labs complete in  1.07
somatic complete in  2.66
prs complete in  19.79
text complete in  7.38 

liverM
stage complete in  0.28
treatment complete in  0.26
labs complete in  1.09
somatic complete in  1.21
prs complete in  19.86
text complete in  9.01 

lungM
stage complete in  0.30
treatment complete in  0.32
labs complete in  1.06
somatic complete in  1.80
prs complete in  16.57
text complete in  8.36 

nodeM
stage complete in  0.32
treatment complete in  0.30
labs complete in  1.11
somatic complete in  1.44
prs complete in  14.51
text complete in  8.48 

peritonealM
stage complete in  0.29
treatment complete in  0.34
labs complete in  1.24
somatic complete in  2.51
prs complete in  16.72
text complete in  9.05 

