G44
stage complete in  0.34
treatment complete in  0.41
labs complete in  1.13
somatic complete in  2.53
prs complete in  11.49
text complete in  5.71 

R42
stage complete in  0.32
treatment complete in  0.33
labs complete in  1.07
somatic complete in  2.65
prs complete in  14.82
text complete in  6.82 

I26
stage complete in  0.32
treatment complete in  0.36
labs complete in  1.07
somatic complete in  2.67
prs complete in  12.17
text complete in  7.52 

K12
stage complete in  0.33
treatment complete in  0.32
labs complete in  1.18
somatic complete in  2.54
prs complete in  11.76
text complete in  7.17 

B25
stage complete in  0.43
treatment complete in  0.45
labs complete in  1.10
somatic complete in  1.24
prs complete in  8.66
text complete in  3.17 

H90
stage complete in  0.33
treatment complete in  0.36
labs complete in  1.12
somatic complete in  2.57
prs complete in  12.53
text complete in  6.40 

H93
stage complete in  0.34
treatment complete in  0.32
labs complete in  1.14
somatic complete in  2.56
prs complete in  11.73
text complete in  5.76 

N17
stage complete in  0.29
treatment complete in  0.33
labs complete in  1.23
somatic complete in  2.72
prs complete in  13.94
text complete in  8.54 

I87
stage complete in  0.41
treatment complete in  0.44
labs complete in  1.14
somatic complete in  2.49
prs complete in  12.42
text complete in  5.70 

L71
stage complete in  0.36
treatment complete in  0.41
labs complete in  1.06
somatic complete in  2.32
prs complete in  11.02
text complete in  4.91 

G62
stage complete in  0.27
treatment complete in  0.32
labs complete in  1.18
somatic complete in  2.65
prs complete in  14.24
text complete in  8.91 

E83
stage complete in  0.32
treatment complete in  0.38
labs complete in  1.32
somatic complete in  2.30
prs complete in  13.69
text complete in  8.79 

K76
stage complete in  0.28
treatment complete in  0.33
labs complete in  1.24
somatic complete in  2.48
prs complete in  13.69
text complete in  9.17 

L50
stage complete in  0.36
treatment complete in  0.38
labs complete in  1.10
somatic complete in  2.29
prs complete in  11.73
text complete in  5.06 

R06
stage complete in  0.32
treatment complete in  0.32
labs complete in  1.30
somatic complete in  1.92
prs complete in  13.68
text complete in  9.30 

R10
stage complete in  0.29
treatment complete in  0.31
labs complete in  1.27
somatic complete in  2.19
prs complete in  13.71
text complete in  8.95 

A04
stage complete in  0.36
treatment complete in  0.38
labs complete in  1.11
somatic complete in  2.30
prs complete in  11.86
text complete in  5.45 

E06
stage complete in  0.42
treatment complete in  0.50
labs complete in  1.20
somatic complete in  2.52
prs complete in  11.82
text complete in  5.54 

J98
stage complete in  0.30
treatment complete in  0.37
labs complete in  1.33
somatic complete in  3.18
prs complete in  13.83
text complete in  7.85 

K40
stage complete in  0.59
treatment complete in  0.63
labs complete in  1.28
somatic complete in  2.46
prs complete in  11.46
text complete in  5.08 

I10
stage complete in  0.32
treatment complete in  0.31
labs complete in  1.26
somatic complete in  1.89
prs complete in  14.24
text complete in  9.56 

R07
stage complete in  0.33
treatment complete in  0.33
labs complete in  1.18
somatic complete in  2.71
prs complete in  13.35
text complete in  8.13 

R97
stage complete in  0.32
treatment complete in  0.37
labs complete in  1.27
somatic complete in  2.72
prs complete in  13.65
text complete in  8.63 

R63
stage complete in  0.35
treatment complete in  0.32
labs complete in  1.29
somatic complete in  2.59
prs complete in  13.86
text complete in  8.96 

J69
stage complete in  0.43
treatment complete in  0.48
labs complete in  1.16
somatic complete in  2.48
prs complete in  12.43
text complete in  4.86 

