J96
stage complete in  0.38
treatment complete in  0.41
labs complete in  1.31
somatic complete in  2.65
prs complete in  12.74
text complete in  6.42 

I31
stage complete in  0.33
treatment complete in  0.37
labs complete in  1.16
somatic complete in  2.53
prs complete in  13.54
text complete in  7.27 

N13
stage complete in  0.35
treatment complete in  0.36
labs complete in  1.27
somatic complete in  2.63
prs complete in  13.39
text complete in  8.08 

J44
stage complete in  0.35
treatment complete in  0.33
labs complete in  1.08
somatic complete in  2.71
prs complete in  12.87
text complete in  7.51 

I45
stage complete in  0.38
treatment complete in  0.41
labs complete in  1.07
somatic complete in  2.23
prs complete in  11.73
text complete in  4.95 

F41
stage complete in  0.27
treatment complete in  0.31
labs complete in  1.16
somatic complete in  2.61
prs complete in  17.67
text complete in  8.71 

K21
stage complete in  0.30
treatment complete in  0.32
labs complete in  1.09
somatic complete in  1.89
prs complete in  17.39
text complete in  8.57 

G43
stage complete in  0.30
treatment complete in  0.37
labs complete in  1.18
somatic complete in  2.34
prs complete in  17.48
text complete in  5.80 

R79
stage complete in  0.33
treatment complete in  0.30
labs complete in  1.22
somatic complete in  1.69
prs complete in  19.31
text complete in  9.71 

M25
stage complete in  0.26
treatment complete in  0.27
labs complete in  1.12
somatic complete in  2.90
prs complete in  16.46
text complete in  8.67 

R35
stage complete in  0.26
treatment complete in  0.27
labs complete in  1.26
somatic complete in  2.53
prs complete in  15.09
text complete in  7.06 

R39
stage complete in  0.28
treatment complete in  0.29
labs complete in  1.08
somatic complete in  2.42
prs complete in  14.65
text complete in  6.63 

N28
stage complete in  0.27
treatment complete in  0.32
labs complete in  1.03
somatic complete in  2.57
prs complete in  17.12
text complete in  7.54 

K57
stage complete in  0.29
treatment complete in  0.30
labs complete in  0.96
somatic complete in  2.73
prs complete in  13.00
text complete in  6.43 

K43
stage complete in  0.36
treatment complete in  0.42
labs complete in  1.03
somatic complete in  2.32
prs complete in  17.95
text complete in  5.72 

J92
stage complete in  0.39
treatment complete in  0.49
labs complete in  1.17
somatic complete in  2.34
prs complete in  15.30
text complete in  5.69 

R52
stage complete in  0.28
treatment complete in  0.31
labs complete in  1.28
somatic complete in  2.54
prs complete in  14.63
text complete in  7.96 

F32
stage complete in  0.30
treatment complete in  0.31
labs complete in  1.10
somatic complete in  2.88
prs complete in  20.08
text complete in  8.32 

K66
stage complete in  0.28
treatment complete in  0.41
labs complete in  1.12
somatic complete in  2.69
prs complete in  13.25
text complete in  7.13 

K74
stage complete in  0.42
treatment complete in  0.51
labs complete in  1.11
somatic complete in  1.99
prs complete in  13.13
text complete in  4.55 

D50
stage complete in  0.32
treatment complete in  0.28
labs complete in  1.31
somatic complete in  3.02
prs complete in  17.42
text complete in  8.18 

R00
stage complete in  0.32
treatment complete in  0.31
labs complete in  1.21
somatic complete in  2.84
prs complete in  16.12
text complete in  7.94 

R05
stage complete in  0.31
treatment complete in  0.35
labs complete in  1.46
somatic complete in  2.40
prs complete in  14.92
text complete in  8.56 

M54
stage complete in  0.29
treatment complete in  0.30
labs complete in  1.35
somatic complete in  2.36
prs complete in  17.96
text complete in  9.33 

I51
stage complete in  0.35
treatment complete in  0.39
labs complete in  1.21
somatic complete in  2.50
prs complete in  13.45
text complete in  5.83 

