K44
stage complete in  0.31
treatment complete in  0.34
labs complete in  0.93
somatic complete in  2.49
prs complete in  11.72
text complete in  5.47 

I81
stage complete in  0.47
treatment complete in  0.58
labs complete in  1.19
somatic complete in  2.36
prs complete in  11.22
text complete in  5.65 

F19
stage complete in  0.47
treatment complete in  0.46
labs complete in  1.02
somatic complete in  2.07
prs complete in  10.88
text complete in  5.74 

F11
stage complete in  0.35
treatment complete in  0.43
labs complete in  1.07
somatic complete in  2.32
prs complete in  12.33
text complete in  6.05 

M51
stage complete in  0.29
treatment complete in  0.37
labs complete in  1.10
somatic complete in  2.45
prs complete in  12.52
text complete in  6.46 

K22
stage complete in  0.45
treatment complete in  0.50
labs complete in  1.27
somatic complete in  2.51
prs complete in  11.75
text complete in  6.55 

D62
stage complete in  0.35
treatment complete in  0.43
labs complete in  1.09
somatic complete in  2.27
prs complete in  11.33
text complete in  5.46 

R92
stage complete in  0.43
treatment complete in  0.51
labs complete in  1.20
somatic complete in  2.72
prs complete in  12.04
text complete in  5.94 

N95
stage complete in  0.61
treatment complete in  0.81
labs complete in  1.39
somatic complete in  2.71
prs complete in  11.69
text complete in  6.58 

J70
stage complete in  0.39
treatment complete in  0.43
labs complete in  1.21
somatic complete in  2.59
prs complete in  11.54
text complete in  6.00 

J47
stage complete in  0.36
treatment complete in  0.39
labs complete in  1.20
somatic complete in  2.45
prs complete in  11.48
text complete in  5.42 

G56
stage complete in  0.41
treatment complete in  0.40
labs complete in  1.17
somatic complete in  2.51
prs complete in  11.39
text complete in  5.94 

F06
stage complete in  0.44
treatment complete in  0.51
labs complete in  1.22
somatic complete in  2.36
prs complete in  11.40
text complete in  6.26 

N32
stage complete in  0.31
treatment complete in  0.33
labs complete in  1.19
somatic complete in  2.47
prs complete in  11.95
text complete in  5.96 

R80
stage complete in  0.41
treatment complete in  0.47
labs complete in  1.20
somatic complete in  2.51
prs complete in  11.82
text complete in  6.52 

K82
stage complete in  0.34
treatment complete in  0.44
labs complete in  1.21
somatic complete in  2.40
prs complete in  11.59
text complete in  6.20 

K29
stage complete in  0.40
treatment complete in  0.39
labs complete in  1.12
somatic complete in  2.40
prs complete in  11.48
text complete in  6.44 

F39
stage complete in  0.39
treatment complete in  0.42
labs complete in  1.13
somatic complete in  2.37
prs complete in  11.50
text complete in  6.16 

M17
stage complete in  0.33
treatment complete in  0.35
labs complete in  1.37
somatic complete in  2.50
prs complete in  11.91
text complete in  7.26 

H57
stage complete in  0.48
treatment complete in  0.51
labs complete in  1.13
somatic complete in  2.51
prs complete in  10.88
text complete in  5.50 

N93
stage complete in  0.51
treatment complete in  0.50
labs complete in  1.16
somatic complete in  2.30
prs complete in  11.25
text complete in  6.47 

M65
stage complete in  0.38
treatment complete in  0.41
labs complete in  1.22
somatic complete in  2.23
prs complete in  11.24
text complete in  6.04 

H02
stage complete in  0.29
treatment complete in  0.33
labs complete in  1.16
somatic complete in  2.50
prs complete in  11.61
text complete in  6.56 

E05
stage complete in  0.31
treatment complete in  0.43
labs complete in  1.16
somatic complete in  2.40
prs complete in  11.36
text complete in  5.59 

L21
stage complete in  0.34
treatment complete in  0.39
labs complete in  1.13
somatic complete in  2.55
prs complete in  11.35
text complete in  5.95 

