K64
stage complete in  0.27
treatment complete in  0.27
labs complete in  1.03
somatic complete in  2.49
prs complete in  19.91
text complete in  6.03 

E89
stage complete in  0.41
treatment complete in  0.37
labs complete in  1.13
somatic complete in  2.38
prs complete in  14.64
text complete in  5.94 

N83
stage complete in  0.59
treatment complete in  0.65
labs complete in  1.33
somatic complete in  2.88
prs complete in  18.39
text complete in  6.54 

K62
stage complete in  0.34
treatment complete in  0.37
labs complete in  1.18
somatic complete in  2.81
prs complete in  20.11
text complete in  7.08 

M06
stage complete in  0.32
treatment complete in  0.36
labs complete in  1.06
somatic complete in  2.57
prs complete in  16.10
text complete in  5.71 

B07
stage complete in  0.43
treatment complete in  0.40
labs complete in  1.05
somatic complete in  2.51
prs complete in  14.36
text complete in  5.49 

M84
stage complete in  0.31
treatment complete in  0.38
labs complete in  1.13
somatic complete in  2.60
prs complete in  19.92
text complete in  6.53 

I70
stage complete in  0.38
treatment complete in  0.38
labs complete in  1.15
somatic complete in  2.67
prs complete in  13.91
text complete in  6.35 

I44
stage complete in  0.37
treatment complete in  0.44
labs complete in  1.22
somatic complete in  2.30
prs complete in  17.65
text complete in  4.92 

I71
stage complete in  0.45
treatment complete in  0.40
labs complete in  1.13
somatic complete in  2.52
prs complete in  17.13
text complete in  5.15 

J43
stage complete in  0.38
treatment complete in  0.34
labs complete in  1.18
somatic complete in  2.74
prs complete in  18.46
text complete in  6.52 

E28
stage complete in  0.54
treatment complete in  0.61
labs complete in  1.15
somatic complete in  2.51
prs complete in  17.27
text complete in  5.36 

F10
stage complete in  0.42
treatment complete in  0.46
labs complete in  1.19
somatic complete in  2.47
prs complete in  17.26
text complete in  5.72 

R25
stage complete in  0.26
treatment complete in  0.33
labs complete in  1.11
somatic complete in  2.53
prs complete in  16.29
text complete in  6.39 

L91
stage complete in  0.39
treatment complete in  0.49
labs complete in  1.16
somatic complete in  2.49
prs complete in  16.05
text complete in  5.14 

K14
stage complete in  0.48
treatment complete in  0.61
labs complete in  1.06
somatic complete in  2.41
prs complete in  14.48
text complete in  4.99 

K58
stage complete in  0.33
treatment complete in  0.35
labs complete in  1.13
somatic complete in  2.41
prs complete in  17.99
text complete in  5.45 

D84
stage complete in  0.33
treatment complete in  0.41
labs complete in  1.17
somatic complete in  2.50
prs complete in  17.13
text complete in  5.81 

B96
stage complete in  0.32
treatment complete in  0.35
labs complete in  1.18
somatic complete in  2.61
prs complete in  16.63
text complete in  5.97 

R40
stage complete in  0.43
treatment complete in  0.49
labs complete in  1.30
somatic complete in  2.55
prs complete in  15.02
text complete in  5.97 

B00
stage complete in  0.41
treatment complete in  0.42
labs complete in  1.11
somatic complete in  2.45
prs complete in  14.86
text complete in  5.95 

F51
stage complete in  0.36
treatment complete in  0.36
labs complete in  1.24
somatic complete in  2.50
prs complete in  14.68
text complete in  6.04 

M47
stage complete in  0.30
treatment complete in  0.34
labs complete in  1.16
somatic complete in  2.69
prs complete in  17.96
text complete in  6.89 

E07
stage complete in  0.45
treatment complete in  0.47
labs complete in  1.19
somatic complete in  2.59
prs complete in  15.31
text complete in  5.71 

R33
stage complete in  0.35
treatment complete in  0.36
labs complete in  1.31
somatic complete in  2.74
prs complete in  18.61
text complete in  6.84 

