brainM
2415
stage complete in  0.29
treatment complete in  0.34
labs complete in  1.08
somatic complete in  2.22
prs complete in  10.94
text complete in  6.97 

boneM
2447
stage complete in  0.26
treatment complete in  0.26
labs complete in  1.05
somatic complete in  2.01
prs complete in  10.96
text complete in  7.10 

adrenalM
2447
stage complete in  0.27
treatment complete in  0.28
labs complete in  0.90
somatic complete in  2.03
prs complete in  10.76
text complete in  5.91 

liverM
2447
stage complete in  0.25
treatment complete in  0.25
labs complete in  0.95
somatic complete in  2.00
prs complete in  10.74
text complete in  7.19 

lungM
2447
stage complete in  0.23
treatment complete in  0.24
labs complete in  0.88
somatic complete in  1.84
prs complete in  11.60
text complete in  7.20 

nodeM
2447
stage complete in  0.25
treatment complete in  0.26
labs complete in  0.87
somatic complete in  1.38
prs complete in  9.59
text complete in  6.84 

peritonealM
2447
stage complete in  0.27
treatment complete in  0.25
labs complete in  0.85
somatic complete in  2.05
prs complete in  10.02
text complete in  6.50 

