D53
stage complete in  0.39
treatment complete in  0.42
labs complete in  1.08
somatic complete in  2.50
prs complete in  13.99
text complete in  5.60 

M85
stage complete in  0.30
treatment complete in  0.31
labs complete in  1.10
somatic complete in  2.73
prs complete in  19.10
text complete in  6.83 

R23
stage complete in  0.27
treatment complete in  0.34
labs complete in  1.12
somatic complete in  2.66
prs complete in  13.44
text complete in  6.90 

I15
stage complete in  0.36
treatment complete in  0.40
labs complete in  1.08
somatic complete in  2.61
prs complete in  13.35
text complete in  6.91 

E43
stage complete in  0.32
treatment complete in  0.36
labs complete in  1.16
somatic complete in  2.65
prs complete in  16.91
text complete in  7.90 

J02
stage complete in  0.30
treatment complete in  0.27
labs complete in  1.03
somatic complete in  2.47
prs complete in  13.72
text complete in  6.32 

K08
stage complete in  0.33
treatment complete in  0.44
labs complete in  0.95
somatic complete in  2.36
prs complete in  12.57
text complete in  5.39 

J31
stage complete in  0.37
treatment complete in  0.38
labs complete in  1.02
somatic complete in  2.48
prs complete in  12.33
text complete in  5.80 

R16
stage complete in  0.29
treatment complete in  0.32
labs complete in  1.21
somatic complete in  2.78
prs complete in  15.24
text complete in  7.54 

E16
stage complete in  0.35
treatment complete in  0.44
labs complete in  1.04
somatic complete in  2.21
prs complete in  11.87
text complete in  5.13 

L27
stage complete in  0.32
treatment complete in  0.33
labs complete in  1.16
somatic complete in  2.85
prs complete in  14.92
text complete in  7.68 

L85
stage complete in  0.35
treatment complete in  0.30
labs complete in  1.09
somatic complete in  2.75
prs complete in  14.29
text complete in  7.51 

K86
stage complete in  0.45
treatment complete in  0.48
labs complete in  1.26
somatic complete in  2.81
prs complete in  15.45
text complete in  8.42 

M62
stage complete in  0.26
treatment complete in  0.33
labs complete in  1.07
somatic complete in  2.66
prs complete in  14.73
text complete in  6.93 

L98
stage complete in  0.30
treatment complete in  0.34
labs complete in  1.11
somatic complete in  2.58
prs complete in  14.02
text complete in  6.92 

R26
stage complete in  0.26
treatment complete in  0.34
labs complete in  1.00
somatic complete in  2.65
prs complete in  13.88
text complete in  7.57 

L57
stage complete in  0.31
treatment complete in  0.41
labs complete in  1.14
somatic complete in  2.96
prs complete in  16.68
text complete in  7.59 

R82
stage complete in  0.33
treatment complete in  0.39
labs complete in  1.11
somatic complete in  2.58
prs complete in  13.02
text complete in  7.23 

R22
stage complete in  0.28
treatment complete in  0.33
labs complete in  1.10
somatic complete in  2.69
prs complete in  15.12
text complete in  7.51 

L40
stage complete in  0.40
treatment complete in  0.50
labs complete in  1.03
somatic complete in  2.61
prs complete in  13.46
text complete in  5.33 

M20
stage complete in  0.33
treatment complete in  0.42
labs complete in  1.13
somatic complete in  2.17
prs complete in  12.04
text complete in  5.70 

M72
stage complete in  0.45
treatment complete in  0.52
labs complete in  1.11
somatic complete in  2.03
prs complete in  13.21
text complete in  5.10 

L02
stage complete in  0.33
treatment complete in  0.38
labs complete in  1.03
somatic complete in  2.54
prs complete in  12.28
text complete in  6.19 

J06
stage complete in  0.30
treatment complete in  0.32
labs complete in  1.12
somatic complete in  2.59
prs complete in  13.80
text complete in  6.69 

K11
stage complete in  0.31
treatment complete in  0.37
labs complete in  1.12
somatic complete in  2.54
prs complete in  12.49
text complete in  6.10 

