E04
stage complete in  0.37
treatment complete in  0.36
labs complete in  1.43
somatic complete in  2.64
prs complete in  12.18
text complete in  6.71 

H61
stage complete in  0.38
treatment complete in  0.39
labs complete in  1.22
somatic complete in  2.76
prs complete in  11.98
text complete in  6.20 

D73
stage complete in  0.29
treatment complete in  0.29
labs complete in  0.98
somatic complete in  2.25
prs complete in  14.01
text complete in  5.73 

B34
stage complete in  0.44
treatment complete in  0.47
labs complete in  1.02
somatic complete in  1.86
prs complete in  10.07
text complete in  4.83 

J32
stage complete in  0.45
treatment complete in  0.53
labs complete in  1.32
somatic complete in  2.54
prs complete in  12.39
text complete in  5.68 

H26
stage complete in  0.26
treatment complete in  0.27
labs complete in  0.93
somatic complete in  2.28
prs complete in  13.38
text complete in  6.96 

A41
stage complete in  0.34
treatment complete in  0.37
labs complete in  1.08
somatic complete in  2.70
prs complete in  11.58
text complete in  6.53 

N64
stage complete in  0.29
treatment complete in  0.34
labs complete in  1.03
somatic complete in  2.19
prs complete in  13.14
text complete in  5.93 

L65
stage complete in  0.27
treatment complete in  0.33
labs complete in  1.04
somatic complete in  2.39
prs complete in  11.66
text complete in  8.18 

J94
stage complete in  0.46
treatment complete in  0.47
labs complete in  1.27
somatic complete in  2.18
prs complete in  10.38
text complete in  5.81 

L73
stage complete in  0.31
treatment complete in  0.40
labs complete in  1.09
somatic complete in  2.50
prs complete in  12.91
text complete in  5.72 

B35
stage complete in  0.26
treatment complete in  0.26
labs complete in  1.12
somatic complete in  2.41
prs complete in  14.36
text complete in  9.56 

R61
stage complete in  0.43
treatment complete in  0.49
labs complete in  1.54
somatic complete in  3.29
prs complete in  15.33
text complete in  6.95 

I35
stage complete in  0.36
treatment complete in  0.39
labs complete in  1.20
somatic complete in  2.64
prs complete in  14.78
text complete in  6.85 

E08
stage complete in  0.62
treatment complete in  0.61
labs complete in  1.18
somatic complete in  2.46
prs complete in  15.71
text complete in  7.95 

N94
stage complete in  0.66
treatment complete in  0.79
labs complete in  1.56
somatic complete in  2.88
prs complete in  16.40
text complete in  6.88 

D59
stage complete in  0.48
treatment complete in  0.56
labs complete in  1.34
somatic complete in  2.42
prs complete in  16.89
text complete in  6.98 

L30
stage complete in  0.36
treatment complete in  0.43
labs complete in  1.96
somatic complete in  4.19
prs complete in  16.92
text complete in  9.16 

D49
stage complete in  0.34
treatment complete in  0.37
labs complete in  1.19
somatic complete in  3.29
prs complete in  17.11
text complete in  8.27 

J30
stage complete in  0.36
treatment complete in  0.39
labs complete in  1.24
somatic complete in  2.92
prs complete in  16.11
text complete in  7.78 

R43
stage complete in  0.37
treatment complete in  0.39
labs complete in  1.38
somatic complete in  2.81
prs complete in  14.01
text complete in  7.09 

N50
stage complete in  0.57
treatment complete in  0.55
labs complete in  1.41
somatic complete in  2.61
prs complete in  13.48
text complete in  6.19 

I67
stage complete in  0.46
treatment complete in  0.49
labs complete in  1.34
somatic complete in  2.86
prs complete in  13.85
text complete in  6.48 

R03
stage complete in  0.37
treatment complete in  0.35
labs complete in  1.24
somatic complete in  3.00
prs complete in  14.85
text complete in  7.01 

H92
stage complete in  0.40
treatment complete in  0.48
labs complete in  1.11
somatic complete in  2.59
prs complete in  15.55
text complete in  6.32 

