B99
stage complete in  0.32
treatment complete in  0.36
labs complete in  0.96
somatic complete in  1.75
prs complete in  10.10
text complete in  3.92 

M21
stage complete in  0.28
treatment complete in  0.34
labs complete in  0.98
somatic complete in  2.04
prs complete in  11.13
text complete in  4.44 

K90
stage complete in  0.33
treatment complete in  0.37
labs complete in  0.96
somatic complete in  2.31
prs complete in  11.12
text complete in  4.74 

N89
stage complete in  0.59
treatment complete in  0.60
labs complete in  1.21
somatic complete in  2.52
prs complete in  11.79
text complete in  5.30 

L90
stage complete in  0.33
treatment complete in  0.43
labs complete in  1.03
somatic complete in  2.32
prs complete in  11.03
text complete in  5.02 

I34
stage complete in  0.36
treatment complete in  0.40
labs complete in  1.18
somatic complete in  2.13
prs complete in  10.60
text complete in  4.17 

R90
stage complete in  0.54
treatment complete in  0.59
labs complete in  1.28
somatic complete in  2.47
prs complete in  10.55
text complete in  4.68 

L08
stage complete in  0.37
treatment complete in  0.30
labs complete in  0.97
somatic complete in  2.18
prs complete in  10.74
text complete in  4.87 

L72
stage complete in  0.26
treatment complete in  0.28
labs complete in  0.99
somatic complete in  2.45
prs complete in  11.87
text complete in  5.10 

R58
stage complete in  0.35
treatment complete in  0.39
labs complete in  0.95
somatic complete in  1.97
prs complete in  10.23
text complete in  4.17 

J34
stage complete in  0.36
treatment complete in  0.33
labs complete in  1.03
somatic complete in  2.44
prs complete in  11.48
text complete in  5.69 

M43
stage complete in  0.31
treatment complete in  0.33
labs complete in  0.99
somatic complete in  2.16
prs complete in  12.03
text complete in  4.71 

L23
stage complete in  0.28
treatment complete in  0.31
labs complete in  0.93
somatic complete in  2.09
prs complete in  10.61
text complete in  4.46 

H11
stage complete in  0.29
treatment complete in  0.31
labs complete in  0.96
somatic complete in  2.04
prs complete in  10.49
text complete in  4.32 

H16
stage complete in  0.38
treatment complete in  0.44
labs complete in  1.00
somatic complete in  2.10
prs complete in  10.39
text complete in  4.21 

R12
stage complete in  0.29
treatment complete in  0.41
labs complete in  0.98
somatic complete in  2.02
prs complete in  10.69
text complete in  4.57 

L53
stage complete in  0.28
treatment complete in  0.33
labs complete in  0.97
somatic complete in  2.01
prs complete in  10.55
text complete in  4.54 

B49
stage complete in  0.32
treatment complete in  0.38
labs complete in  0.91
somatic complete in  1.31
prs complete in  8.30
text complete in  3.25 

E23
stage complete in  0.54
treatment complete in  0.60
labs complete in  1.28
somatic complete in  2.35
prs complete in  11.09
text complete in  4.95 

R65
stage complete in  0.49
treatment complete in  0.56
labs complete in  1.15
somatic complete in  2.21
prs complete in  10.18
text complete in  4.51 

F90
stage complete in  0.33
treatment complete in  0.36
labs complete in  0.96
somatic complete in  2.05
prs complete in  10.54
text complete in  4.66 

G31
stage complete in  0.32
treatment complete in  0.34
labs complete in  0.93
somatic complete in  2.06
prs complete in  10.23
text complete in  4.10 

H10
stage complete in  0.27
treatment complete in  0.39
labs complete in  0.84
somatic complete in  2.19
prs complete in  11.87
text complete in  4.88 

H43
stage complete in  0.26
treatment complete in  0.27
labs complete in  1.06
somatic complete in  2.42
prs complete in  11.74
text complete in  5.80 

M76
stage complete in  0.34
treatment complete in  0.37
labs complete in  0.91
somatic complete in  1.80
prs complete in  10.17
text complete in  4.26 

