death
text complete in  18.75 

vte
text complete in  14.16 

I89
text complete in  10.51 

R11
text complete in  14.75 

D89
text complete in  11.92 

D75
text complete in  12.57 

R53
text complete in  14.30 

J90
text complete in  12.52 

E88
text complete in  9.40 

E87
text complete in  13.87 

N18
text complete in  13.62 

H53
text complete in  12.18 

R94
text complete in  12.22 

R51
text complete in  13.94 

R59
text complete in  14.10 

R91
text complete in  12.39 

R60
text complete in  15.28 

E03
text complete in  12.87 

D70
text complete in  13.24 

R50
text complete in  12.42 

G89
text complete in  15.65 

G93
text complete in  13.47 

D69
text complete in  13.00 

K59
text complete in  13.64 

I48
text complete in  11.34 

G44
text complete in  11.55 

R42
text complete in  12.76 

I26
text complete in  11.18 

K12
text complete in  10.15 

B25
text complete in  6.51 

H90
text complete in  11.96 

H93
text complete in  11.17 

N17
text complete in  13.14 

I87
text complete in  10.41 

L71
text complete in  9.94 

G62
text complete in  12.07 

E83
text complete in  11.85 

K76
text complete in  13.00 

L50
text complete in  8.68 

R06
text complete in  13.92 

R10
text complete in  13.18 

A04
text complete in  8.80 

E06
text complete in  8.57 

J98
text complete in  11.86 

K40
text complete in  9.08 

I10
text complete in  11.10 

R07
text complete in  14.10 

R97
text complete in  13.89 

R63
text complete in  13.38 

J69
text complete in  8.95 

J96
text complete in  10.78 

I31
text complete in  9.98 

N13
text complete in  12.42 

J44
text complete in  10.23 

I45
text complete in  8.41 

F41
text complete in  12.86 

K21
text complete in  11.94 

G43
text complete in  9.75 

R79
text complete in  13.12 

M25
text complete in  13.45 

R35
text complete in  13.01 

R39
text complete in  11.73 

N28
text complete in  11.85 

K57
text complete in  9.60 

K43
text complete in  8.31 

J92
text complete in  8.00 

R52
text complete in  11.99 

F32
text complete in  12.09 

K66
text complete in  9.91 

K74
text complete in  7.52 

D50
text complete in  13.43 

R00
text complete in  12.78 

R05
text complete in  13.13 

M54
text complete in  13.67 

I51
text complete in  8.96 

K20
text complete in  7.73 

J45
text complete in  9.95 

D61
text complete in  10.55 

E46
text complete in  9.82 

R18
text complete in  11.41 

K31
text complete in  8.15 

I12
text complete in  9.69 

E11
text complete in  11.19 

E78
text complete in  12.88 

N40
text complete in  12.22 

D63
text complete in  12.05 

E86
text complete in  10.21 

F33
text complete in  9.05 

L29
text complete in  10.27 

I73
text complete in  9.26 

R14
text complete in  10.67 

R19
text complete in  11.59 

J18
text complete in  11.32 

R78
text complete in  9.98 

B95
text complete in  9.13 

F43
text complete in  11.38 

H91
text complete in  10.68 

N20
text complete in  8.84 

R62
text complete in  10.94 

R30
text complete in  11.75 

